<?xml version="1.0" encoding="UTF-8"?>
<testsuite name="LoadDatabaseTest" tests="1" skipped="0" failures="1" errors="0" timestamp="2025-06-20T17:39:15" hostname="PC_DI_ALDO" time="0.257">
  <properties/>
  <testcase name="Dovrebbe caricare le view, distinguere gli utenti, e stamparli" classname="LoadDatabaseTest" time="0.257">
    <failure message="org.opentest4j.AssertionFailedError: L'oggetto Global dovrebbe essere nullo dopo lo scaricamento ==&gt; expected: &lt;null&gt; but was: &lt;it.unicam.cs.mpgc.jbudget125639.views.Global@584f54e6&gt;" type="org.opentest4j.AssertionFailedError">org.opentest4j.AssertionFailedError: L'oggetto Global dovrebbe essere nullo dopo lo scaricamento ==&gt; expected: &lt;null&gt; but was: &lt;it.unicam.cs.mpgc.jbudget125639.views.Global@584f54e6&gt;
	at app//org.junit.jupiter.api.AssertionFailureBuilder.build(AssertionFailureBuilder.java:151)
	at app//org.junit.jupiter.api.AssertionFailureBuilder.buildAndThrow(AssertionFailureBuilder.java:132)
	at app//org.junit.jupiter.api.AssertNull.failNotNull(AssertNull.java:50)
	at app//org.junit.jupiter.api.AssertNull.assertNull(AssertNull.java:35)
	at app//org.junit.jupiter.api.Assertions.assertNull(Assertions.java:283)
	at app//LoadDatabaseTest.shouldLoadDataFromDatabaseAndPrint(LoadDatabaseTest.java:103)
	at java.base@21.0.5/jdk.internal.reflect.DirectMethodHandleAccessor.invoke(DirectMethodHandleAccessor.java:103)
	at java.base@21.0.5/java.lang.reflect.Method.invoke(Method.java:580)
	at app//org.junit.platform.commons.util.ReflectionUtils.invokeMethod(ReflectionUtils.java:728)
	at app//org.junit.jupiter.engine.execution.MethodInvocation.proceed(MethodInvocation.java:60)
	at app//org.junit.jupiter.engine.execution.InvocationInterceptorChain$ValidatingInvocation.proceed(InvocationInterceptorChain.java:131)
	at app//org.junit.jupiter.engine.extension.TimeoutExtension.intercept(TimeoutExtension.java:156)
	at app//org.junit.jupiter.engine.extension.TimeoutExtension.interceptTestableMethod(TimeoutExtension.java:147)
	at app//org.junit.jupiter.engine.extension.TimeoutExtension.interceptTestMethod(TimeoutExtension.java:86)
	at app//org.junit.jupiter.engine.execution.InterceptingExecutableInvoker$ReflectiveInterceptorCall.lambda$ofVoidMethod$0(InterceptingExecutableInvoker.java:103)
	at app//org.junit.jupiter.engine.execution.InterceptingExecutableInvoker.lambda$invoke$0(InterceptingExecutableInvoker.java:93)
	at app//org.junit.jupiter.engine.execution.InvocationInterceptorChain$InterceptedInvocation.proceed(InvocationInterceptorChain.java:106)
	at app//org.junit.jupiter.engine.execution.InvocationInterceptorChain.proceed(InvocationInterceptorChain.java:64)
	at app//org.junit.jupiter.engine.execution.InvocationInterceptorChain.chainAndInvoke(InvocationInterceptorChain.java:45)
	at app//org.junit.jupiter.engine.execution.InvocationInterceptorChain.invoke(InvocationInterceptorChain.java:37)
	at app//org.junit.jupiter.engine.execution.InterceptingExecutableInvoker.invoke(InterceptingExecutableInvoker.java:92)
	at app//org.junit.jupiter.engine.execution.InterceptingExecutableInvoker.invoke(InterceptingExecutableInvoker.java:86)
	at app//org.junit.jupiter.engine.descriptor.TestMethodTestDescriptor.lambda$invokeTestMethod$7(TestMethodTestDescriptor.java:218)
	at app//org.junit.platform.engine.support.hierarchical.ThrowableCollector.execute(ThrowableCollector.java:73)
	at app//org.junit.jupiter.engine.descriptor.TestMethodTestDescriptor.invokeTestMethod(TestMethodTestDescriptor.java:214)
	at app//org.junit.jupiter.engine.descriptor.TestMethodTestDescriptor.execute(TestMethodTestDescriptor.java:139)
	at app//org.junit.jupiter.engine.descriptor.TestMethodTestDescriptor.execute(TestMethodTestDescriptor.java:69)
	at app//org.junit.platform.engine.support.hierarchical.NodeTestTask.lambda$executeRecursively$6(NodeTestTask.java:151)
	at app//org.junit.platform.engine.support.hierarchical.ThrowableCollector.execute(ThrowableCollector.java:73)
	at app//org.junit.platform.engine.support.hierarchical.NodeTestTask.lambda$executeRecursively$8(NodeTestTask.java:141)
	at app//org.junit.platform.engine.support.hierarchical.Node.around(Node.java:137)
	at app//org.junit.platform.engine.support.hierarchical.NodeTestTask.lambda$executeRecursively$9(NodeTestTask.java:139)
	at app//org.junit.platform.engine.support.hierarchical.ThrowableCollector.execute(ThrowableCollector.java:73)
	at app//org.junit.platform.engine.support.hierarchical.NodeTestTask.executeRecursively(NodeTestTask.java:138)
	at app//org.junit.platform.engine.support.hierarchical.NodeTestTask.execute(NodeTestTask.java:95)
	at java.base@21.0.5/java.util.ArrayList.forEach(ArrayList.java:1596)
	at app//org.junit.platform.engine.support.hierarchical.SameThreadHierarchicalTestExecutorService.invokeAll(SameThreadHierarchicalTestExecutorService.java:41)
	at app//org.junit.platform.engine.support.hierarchical.NodeTestTask.lambda$executeRecursively$6(NodeTestTask.java:155)
	at app//org.junit.platform.engine.support.hierarchical.ThrowableCollector.execute(ThrowableCollector.java:73)
	at app//org.junit.platform.engine.support.hierarchical.NodeTestTask.lambda$executeRecursively$8(NodeTestTask.java:141)
	at app//org.junit.platform.engine.support.hierarchical.Node.around(Node.java:137)
	at app//org.junit.platform.engine.support.hierarchical.NodeTestTask.lambda$executeRecursively$9(NodeTestTask.java:139)
	at app//org.junit.platform.engine.support.hierarchical.ThrowableCollector.execute(ThrowableCollector.java:73)
	at app//org.junit.platform.engine.support.hierarchical.NodeTestTask.executeRecursively(NodeTestTask.java:138)
	at app//org.junit.platform.engine.support.hierarchical.NodeTestTask.execute(NodeTestTask.java:95)
	at java.base@21.0.5/java.util.ArrayList.forEach(ArrayList.java:1596)
	at app//org.junit.platform.engine.support.hierarchical.SameThreadHierarchicalTestExecutorService.invokeAll(SameThreadHierarchicalTestExecutorService.java:41)
	at app//org.junit.platform.engine.support.hierarchical.NodeTestTask.lambda$executeRecursively$6(NodeTestTask.java:155)
	at app//org.junit.platform.engine.support.hierarchical.ThrowableCollector.execute(ThrowableCollector.java:73)
	at app//org.junit.platform.engine.support.hierarchical.NodeTestTask.lambda$executeRecursively$8(NodeTestTask.java:141)
	at app//org.junit.platform.engine.support.hierarchical.Node.around(Node.java:137)
	at app//org.junit.platform.engine.support.hierarchical.NodeTestTask.lambda$executeRecursively$9(NodeTestTask.java:139)
	at app//org.junit.platform.engine.support.hierarchical.ThrowableCollector.execute(ThrowableCollector.java:73)
	at app//org.junit.platform.engine.support.hierarchical.NodeTestTask.executeRecursively(NodeTestTask.java:138)
	at app//org.junit.platform.engine.support.hierarchical.NodeTestTask.execute(NodeTestTask.java:95)
	at app//org.junit.platform.engine.support.hierarchical.SameThreadHierarchicalTestExecutorService.submit(SameThreadHierarchicalTestExecutorService.java:35)
	at app//org.junit.platform.engine.support.hierarchical.HierarchicalTestExecutor.execute(HierarchicalTestExecutor.java:57)
	at app//org.junit.platform.engine.support.hierarchical.HierarchicalTestEngine.execute(HierarchicalTestEngine.java:54)
	at app//org.junit.platform.launcher.core.EngineExecutionOrchestrator.execute(EngineExecutionOrchestrator.java:107)
	at app//org.junit.platform.launcher.core.EngineExecutionOrchestrator.execute(EngineExecutionOrchestrator.java:88)
	at app//org.junit.platform.launcher.core.EngineExecutionOrchestrator.lambda$execute$0(EngineExecutionOrchestrator.java:54)
	at app//org.junit.platform.launcher.core.EngineExecutionOrchestrator.withInterceptedStreams(EngineExecutionOrchestrator.java:67)
	at app//org.junit.platform.launcher.core.EngineExecutionOrchestrator.execute(EngineExecutionOrchestrator.java:52)
	at app//org.junit.platform.launcher.core.DefaultLauncher.execute(DefaultLauncher.java:114)
	at app//org.junit.platform.launcher.core.DefaultLauncher.execute(DefaultLauncher.java:86)
	at app//org.junit.platform.launcher.core.DefaultLauncherSession$DelegatingLauncher.execute(DefaultLauncherSession.java:86)
	at org.gradle.api.internal.tasks.testing.junitplatform.JUnitPlatformTestClassProcessor$CollectAllTestClassesExecutor.processAllTestClasses(JUnitPlatformTestClassProcessor.java:124)
	at org.gradle.api.internal.tasks.testing.junitplatform.JUnitPlatformTestClassProcessor$CollectAllTestClassesExecutor.access$000(JUnitPlatformTestClassProcessor.java:99)
	at org.gradle.api.internal.tasks.testing.junitplatform.JUnitPlatformTestClassProcessor.stop(JUnitPlatformTestClassProcessor.java:94)
	at org.gradle.api.internal.tasks.testing.SuiteTestClassProcessor.stop(SuiteTestClassProcessor.java:63)
	at java.base@21.0.5/jdk.internal.reflect.DirectMethodHandleAccessor.invoke(DirectMethodHandleAccessor.java:103)
	at java.base@21.0.5/java.lang.reflect.Method.invoke(Method.java:580)
	at org.gradle.internal.dispatch.ReflectionDispatch.dispatch(ReflectionDispatch.java:36)
	at org.gradle.internal.dispatch.ReflectionDispatch.dispatch(ReflectionDispatch.java:24)
	at org.gradle.internal.dispatch.ContextClassLoaderDispatch.dispatch(ContextClassLoaderDispatch.java:33)
	at org.gradle.internal.dispatch.ProxyDispatchAdapter$DispatchingInvocationHandler.invoke(ProxyDispatchAdapter.java:92)
	at jdk.proxy1/jdk.proxy1.$Proxy4.stop(Unknown Source)
	at org.gradle.api.internal.tasks.testing.worker.TestWorker$3.run(TestWorker.java:200)
	at org.gradle.api.internal.tasks.testing.worker.TestWorker.executeAndMaintainThreadName(TestWorker.java:132)
	at org.gradle.api.internal.tasks.testing.worker.TestWorker.execute(TestWorker.java:103)
	at org.gradle.api.internal.tasks.testing.worker.TestWorker.execute(TestWorker.java:63)
	at org.gradle.process.internal.worker.child.ActionExecutionWorker.execute(ActionExecutionWorker.java:56)
	at org.gradle.process.internal.worker.child.SystemApplicationClassLoaderWorker.call(SystemApplicationClassLoaderWorker.java:121)
	at org.gradle.process.internal.worker.child.SystemApplicationClassLoaderWorker.call(SystemApplicationClassLoaderWorker.java:71)
	at app//worker.org.gradle.process.internal.worker.GradleWorkerMain.run(GradleWorkerMain.java:69)
	at app//worker.org.gradle.process.internal.worker.GradleWorkerMain.main(GradleWorkerMain.java:74)
</failure>
  </testcase>
  <system-out><![CDATA[2025-06-20 19:39:15,283 [DEBUG] DaoManager created dao for class class it.unicam.cs.mpgc.jbudget125639.entities.Transaction with reflection
2025-06-20 19:39:15,294 [DEBUG] DaoManager created dao for class class it.unicam.cs.mpgc.jbudget125639.entities.TransactionTag with reflection
2025-06-20 19:39:15,298 [DEBUG] DaoManager created dao for class class it.unicam.cs.mpgc.jbudget125639.filters.tags.PriorityTag with reflection
2025-06-20 19:39:15,298 [DEBUG] DaoManager created dao for class class it.unicam.cs.mpgc.jbudget125639.entities.User with reflection
2025-06-20 19:39:15,300 [INFO] TableUtils creating table 'Users'
2025-06-20 19:39:15,663 [DEBUG] BaseJdbcConnectionSource opened connection to jdbc:sqlite:database.db got #1947020920
2025-06-20 19:39:15,696 [INFO] TableUtils executed create table statement changed 0 rows: CREATE TABLE IF NOT EXISTS `Users` (`id` INTEGER PRIMARY KEY AUTOINCREMENT , `name` VARCHAR NOT NULL ,  UNIQUE (`name`)) 
2025-06-20 19:39:15,698 [INFO] TableUtils creating table 'Transactions'
2025-06-20 19:39:15,698 [INFO] TableUtils executed create table statement changed 0 rows: CREATE TABLE IF NOT EXISTS `Transactions` (`user_id` INTEGER , `id` INTEGER PRIMARY KEY AUTOINCREMENT , `direction` VARCHAR NOT NULL , `amount` BLOB NOT NULL , `description` VARCHAR NOT NULL , `date` TIMESTAMP NOT NULL ) 
2025-06-20 19:39:15,699 [INFO] TableUtils creating table 'tags'
2025-06-20 19:39:15,700 [INFO] TableUtils executed create table statement changed 0 rows: CREATE TABLE IF NOT EXISTS `tags` (`id` INTEGER PRIMARY KEY AUTOINCREMENT , `name` VARCHAR NOT NULL , `priority` INTEGER NOT NULL ,  UNIQUE (`name`)) 
2025-06-20 19:39:15,700 [INFO] TableUtils creating table 'transaction_tags'
2025-06-20 19:39:15,701 [INFO] TableUtils executed create table statement changed 0 rows: CREATE TABLE IF NOT EXISTS `transaction_tags` (`id` INTEGER PRIMARY KEY AUTOINCREMENT , `transaction_id` INTEGER , `tag_id` INTEGER ) 
2025-06-20 19:39:15,720 [DEBUG] StatementBuilder built statement SELECT * FROM `tags` WHERE `name` = 'Utenze'
2025-06-20 19:39:15,725 [DEBUG] BaseMappedStatement prepared statement 'SELECT * FROM `tags` WHERE `name` = 'Utenze'' with 0 args
2025-06-20 19:39:15,734 [DEBUG] SelectIterator starting iterator @2059461664 for 'SELECT * FROM `tags` WHERE `name` = 'Utenze''
2025-06-20 19:39:15,756 [DEBUG] SelectIterator closed iterator @2059461664 after 1 rows
2025-06-20 19:39:15,757 [DEBUG] StatementExecutor query of 'SELECT * FROM `tags` WHERE `name` = 'Utenze'' with 0 args returned 1 results
2025-06-20 19:39:15,757 [DEBUG] StatementBuilder built statement SELECT * FROM `tags` WHERE `name` = 'Sport'
2025-06-20 19:39:15,758 [DEBUG] BaseMappedStatement prepared statement 'SELECT * FROM `tags` WHERE `name` = 'Sport'' with 0 args
2025-06-20 19:39:15,758 [DEBUG] SelectIterator starting iterator @1874028013 for 'SELECT * FROM `tags` WHERE `name` = 'Sport''
2025-06-20 19:39:15,759 [DEBUG] SelectIterator closed iterator @1874028013 after 1 rows
2025-06-20 19:39:15,760 [DEBUG] StatementExecutor query of 'SELECT * FROM `tags` WHERE `name` = 'Sport'' with 0 args returned 1 results
2025-06-20 19:39:15,760 [DEBUG] StatementBuilder built statement SELECT * FROM `tags` WHERE `name` = 'Manutenzione Auto'
2025-06-20 19:39:15,760 [DEBUG] BaseMappedStatement prepared statement 'SELECT * FROM `tags` WHERE `name` = 'Manutenzione Auto'' with 0 args
2025-06-20 19:39:15,761 [DEBUG] SelectIterator starting iterator @1855261647 for 'SELECT * FROM `tags` WHERE `name` = 'Manutenzione Auto''
2025-06-20 19:39:15,761 [DEBUG] SelectIterator closed iterator @1855261647 after 1 rows
2025-06-20 19:39:15,762 [DEBUG] StatementExecutor query of 'SELECT * FROM `tags` WHERE `name` = 'Manutenzione Auto'' with 0 args returned 1 results
2025-06-20 19:39:15,762 [DEBUG] StatementBuilder built statement SELECT * FROM `tags` WHERE `name` = 'Alimentari'
2025-06-20 19:39:15,763 [DEBUG] BaseMappedStatement prepared statement 'SELECT * FROM `tags` WHERE `name` = 'Alimentari'' with 0 args
2025-06-20 19:39:15,764 [DEBUG] SelectIterator starting iterator @373378624 for 'SELECT * FROM `tags` WHERE `name` = 'Alimentari''
2025-06-20 19:39:15,764 [DEBUG] SelectIterator closed iterator @373378624 after 1 rows
2025-06-20 19:39:15,764 [DEBUG] StatementExecutor query of 'SELECT * FROM `tags` WHERE `name` = 'Alimentari'' with 0 args returned 1 results
2025-06-20 19:39:15,764 [DEBUG] StatementBuilder built statement SELECT * FROM `tags` WHERE `name` = 'Abbigliamento'
2025-06-20 19:39:15,765 [DEBUG] BaseMappedStatement prepared statement 'SELECT * FROM `tags` WHERE `name` = 'Abbigliamento'' with 0 args
2025-06-20 19:39:15,765 [DEBUG] SelectIterator starting iterator @1958402562 for 'SELECT * FROM `tags` WHERE `name` = 'Abbigliamento''
2025-06-20 19:39:15,766 [DEBUG] SelectIterator closed iterator @1958402562 after 1 rows
2025-06-20 19:39:15,766 [DEBUG] StatementExecutor query of 'SELECT * FROM `tags` WHERE `name` = 'Abbigliamento'' with 0 args returned 1 results
2025-06-20 19:39:15,767 [DEBUG] StatementBuilder built statement SELECT * FROM `tags` WHERE `name` = 'Intrattenimento'
2025-06-20 19:39:15,768 [DEBUG] BaseMappedStatement prepared statement 'SELECT * FROM `tags` WHERE `name` = 'Intrattenimento'' with 0 args
2025-06-20 19:39:15,768 [DEBUG] SelectIterator starting iterator @5395829 for 'SELECT * FROM `tags` WHERE `name` = 'Intrattenimento''
2025-06-20 19:39:15,768 [DEBUG] SelectIterator closed iterator @5395829 after 1 rows
2025-06-20 19:39:15,768 [DEBUG] StatementExecutor query of 'SELECT * FROM `tags` WHERE `name` = 'Intrattenimento'' with 0 args returned 1 results
2025-06-20 19:39:15,769 [DEBUG] StatementBuilder built statement SELECT * FROM `tags` WHERE `name` = 'Salute'
2025-06-20 19:39:15,769 [DEBUG] BaseMappedStatement prepared statement 'SELECT * FROM `tags` WHERE `name` = 'Salute'' with 0 args
2025-06-20 19:39:15,769 [DEBUG] SelectIterator starting iterator @1189084611 for 'SELECT * FROM `tags` WHERE `name` = 'Salute''
2025-06-20 19:39:15,769 [DEBUG] SelectIterator closed iterator @1189084611 after 1 rows
2025-06-20 19:39:15,769 [DEBUG] StatementExecutor query of 'SELECT * FROM `tags` WHERE `name` = 'Salute'' with 0 args returned 1 results
2025-06-20 19:39:15,770 [DEBUG] StatementBuilder built statement SELECT * FROM `tags` WHERE `name` = 'Viaggi'
2025-06-20 19:39:15,770 [DEBUG] BaseMappedStatement prepared statement 'SELECT * FROM `tags` WHERE `name` = 'Viaggi'' with 0 args
2025-06-20 19:39:15,770 [DEBUG] SelectIterator starting iterator @1517328406 for 'SELECT * FROM `tags` WHERE `name` = 'Viaggi''
2025-06-20 19:39:15,771 [DEBUG] SelectIterator closed iterator @1517328406 after 1 rows
2025-06-20 19:39:15,771 [DEBUG] StatementExecutor query of 'SELECT * FROM `tags` WHERE `name` = 'Viaggi'' with 0 args returned 1 results
2025-06-20 19:39:15,771 [DEBUG] StatementBuilder built statement SELECT * FROM `tags` WHERE `name` = 'Educazione'
2025-06-20 19:39:15,772 [DEBUG] BaseMappedStatement prepared statement 'SELECT * FROM `tags` WHERE `name` = 'Educazione'' with 0 args
2025-06-20 19:39:15,772 [DEBUG] SelectIterator starting iterator @2016949136 for 'SELECT * FROM `tags` WHERE `name` = 'Educazione''
2025-06-20 19:39:15,776 [DEBUG] SelectIterator closed iterator @2016949136 after 1 rows
2025-06-20 19:39:15,777 [DEBUG] StatementExecutor query of 'SELECT * FROM `tags` WHERE `name` = 'Educazione'' with 0 args returned 1 results
2025-06-20 19:39:15,779 [DEBUG] StatementBuilder built statement DELETE FROM `Users`
2025-06-20 19:39:15,781 [DEBUG] BaseMappedStatement prepared statement 'DELETE FROM `Users`' with 0 args
2025-06-20 19:39:15,819 [DEBUG] BaseMappedStatement insert data with statement 'INSERT INTO `Users` (`name` ) VALUES (?)' and 1 args, changed 1 rows
2025-06-20 19:39:15,821 [DEBUG] BaseMappedStatement assigned id '38' from keyholder to 'id' in User object
2025-06-20 19:39:15,826 [DEBUG] BaseMappedStatement insert data with statement 'INSERT INTO `Users` (`name` ) VALUES (?)' and 1 args, changed 1 rows
2025-06-20 19:39:15,827 [DEBUG] BaseMappedStatement assigned id '39' from keyholder to 'id' in User object
2025-06-20 19:39:15,832 [DEBUG] BaseMappedStatement insert data with statement 'INSERT INTO `Users` (`name` ) VALUES (?)' and 1 args, changed 1 rows
2025-06-20 19:39:15,833 [DEBUG] BaseMappedStatement assigned id '40' from keyholder to 'id' in User object
2025-06-20 19:39:15,835 [DEBUG] BaseJdbcConnectionSource closed connection #1947020920
2025-06-20 19:39:15,866 [DEBUG] DaoManager created dao for class class it.unicam.cs.mpgc.jbudget125639.entities.Transaction with reflection
2025-06-20 19:39:15,867 [DEBUG] DaoManager created dao for class class it.unicam.cs.mpgc.jbudget125639.entities.TransactionTag with reflection
2025-06-20 19:39:15,868 [DEBUG] DaoManager created dao for class class it.unicam.cs.mpgc.jbudget125639.filters.tags.PriorityTag with reflection
2025-06-20 19:39:15,869 [DEBUG] DaoManager created dao for class class it.unicam.cs.mpgc.jbudget125639.entities.User with reflection
2025-06-20 19:39:15,869 [INFO] TableUtils creating table 'Users'
2025-06-20 19:39:15,872 [DEBUG] BaseJdbcConnectionSource opened connection to jdbc:sqlite:database.db got #186061555
2025-06-20 19:39:15,873 [INFO] TableUtils executed create table statement changed 0 rows: CREATE TABLE IF NOT EXISTS `Users` (`id` INTEGER PRIMARY KEY AUTOINCREMENT , `name` VARCHAR NOT NULL ,  UNIQUE (`name`)) 
2025-06-20 19:39:15,874 [INFO] TableUtils creating table 'Transactions'
2025-06-20 19:39:15,874 [INFO] TableUtils executed create table statement changed 0 rows: CREATE TABLE IF NOT EXISTS `Transactions` (`user_id` INTEGER , `id` INTEGER PRIMARY KEY AUTOINCREMENT , `direction` VARCHAR NOT NULL , `amount` BLOB NOT NULL , `description` VARCHAR NOT NULL , `date` TIMESTAMP NOT NULL ) 
2025-06-20 19:39:15,875 [INFO] TableUtils creating table 'tags'
2025-06-20 19:39:15,876 [INFO] TableUtils executed create table statement changed 0 rows: CREATE TABLE IF NOT EXISTS `tags` (`id` INTEGER PRIMARY KEY AUTOINCREMENT , `name` VARCHAR NOT NULL , `priority` INTEGER NOT NULL ,  UNIQUE (`name`)) 
2025-06-20 19:39:15,876 [INFO] TableUtils creating table 'transaction_tags'
2025-06-20 19:39:15,876 [INFO] TableUtils executed create table statement changed 0 rows: CREATE TABLE IF NOT EXISTS `transaction_tags` (`id` INTEGER PRIMARY KEY AUTOINCREMENT , `transaction_id` INTEGER , `tag_id` INTEGER ) 
2025-06-20 19:39:15,877 [DEBUG] StatementBuilder built statement SELECT * FROM `tags` WHERE `name` = 'Utenze'
2025-06-20 19:39:15,877 [DEBUG] BaseMappedStatement prepared statement 'SELECT * FROM `tags` WHERE `name` = 'Utenze'' with 0 args
2025-06-20 19:39:15,878 [DEBUG] SelectIterator starting iterator @1770437551 for 'SELECT * FROM `tags` WHERE `name` = 'Utenze''
2025-06-20 19:39:15,879 [DEBUG] SelectIterator closed iterator @1770437551 after 1 rows
2025-06-20 19:39:15,879 [DEBUG] StatementExecutor query of 'SELECT * FROM `tags` WHERE `name` = 'Utenze'' with 0 args returned 1 results
2025-06-20 19:39:15,880 [DEBUG] StatementBuilder built statement SELECT * FROM `tags` WHERE `name` = 'Sport'
2025-06-20 19:39:15,880 [DEBUG] BaseMappedStatement prepared statement 'SELECT * FROM `tags` WHERE `name` = 'Sport'' with 0 args
2025-06-20 19:39:15,880 [DEBUG] SelectIterator starting iterator @1215946669 for 'SELECT * FROM `tags` WHERE `name` = 'Sport''
2025-06-20 19:39:15,881 [DEBUG] SelectIterator closed iterator @1215946669 after 1 rows
2025-06-20 19:39:15,881 [DEBUG] StatementExecutor query of 'SELECT * FROM `tags` WHERE `name` = 'Sport'' with 0 args returned 1 results
2025-06-20 19:39:15,882 [DEBUG] StatementBuilder built statement SELECT * FROM `tags` WHERE `name` = 'Manutenzione Auto'
2025-06-20 19:39:15,882 [DEBUG] BaseMappedStatement prepared statement 'SELECT * FROM `tags` WHERE `name` = 'Manutenzione Auto'' with 0 args
2025-06-20 19:39:15,882 [DEBUG] SelectIterator starting iterator @1196982797 for 'SELECT * FROM `tags` WHERE `name` = 'Manutenzione Auto''
2025-06-20 19:39:15,883 [DEBUG] SelectIterator closed iterator @1196982797 after 1 rows
2025-06-20 19:39:15,883 [DEBUG] StatementExecutor query of 'SELECT * FROM `tags` WHERE `name` = 'Manutenzione Auto'' with 0 args returned 1 results
2025-06-20 19:39:15,884 [DEBUG] StatementBuilder built statement SELECT * FROM `tags` WHERE `name` = 'Alimentari'
2025-06-20 19:39:15,884 [DEBUG] BaseMappedStatement prepared statement 'SELECT * FROM `tags` WHERE `name` = 'Alimentari'' with 0 args
2025-06-20 19:39:15,885 [DEBUG] SelectIterator starting iterator @1961595039 for 'SELECT * FROM `tags` WHERE `name` = 'Alimentari''
2025-06-20 19:39:15,886 [DEBUG] SelectIterator closed iterator @1961595039 after 1 rows
2025-06-20 19:39:15,886 [DEBUG] StatementExecutor query of 'SELECT * FROM `tags` WHERE `name` = 'Alimentari'' with 0 args returned 1 results
2025-06-20 19:39:15,886 [DEBUG] StatementBuilder built statement SELECT * FROM `tags` WHERE `name` = 'Abbigliamento'
2025-06-20 19:39:15,886 [DEBUG] BaseMappedStatement prepared statement 'SELECT * FROM `tags` WHERE `name` = 'Abbigliamento'' with 0 args
2025-06-20 19:39:15,887 [DEBUG] SelectIterator starting iterator @686560878 for 'SELECT * FROM `tags` WHERE `name` = 'Abbigliamento''
2025-06-20 19:39:15,887 [DEBUG] SelectIterator closed iterator @686560878 after 1 rows
2025-06-20 19:39:15,887 [DEBUG] StatementExecutor query of 'SELECT * FROM `tags` WHERE `name` = 'Abbigliamento'' with 0 args returned 1 results
2025-06-20 19:39:15,888 [DEBUG] StatementBuilder built statement SELECT * FROM `tags` WHERE `name` = 'Intrattenimento'
2025-06-20 19:39:15,888 [DEBUG] BaseMappedStatement prepared statement 'SELECT * FROM `tags` WHERE `name` = 'Intrattenimento'' with 0 args
2025-06-20 19:39:15,889 [DEBUG] SelectIterator starting iterator @787361897 for 'SELECT * FROM `tags` WHERE `name` = 'Intrattenimento''
2025-06-20 19:39:15,890 [DEBUG] SelectIterator closed iterator @787361897 after 1 rows
2025-06-20 19:39:15,890 [DEBUG] StatementExecutor query of 'SELECT * FROM `tags` WHERE `name` = 'Intrattenimento'' with 0 args returned 1 results
2025-06-20 19:39:15,891 [DEBUG] StatementBuilder built statement SELECT * FROM `tags` WHERE `name` = 'Salute'
2025-06-20 19:39:15,891 [DEBUG] BaseMappedStatement prepared statement 'SELECT * FROM `tags` WHERE `name` = 'Salute'' with 0 args
2025-06-20 19:39:15,892 [DEBUG] SelectIterator starting iterator @765826899 for 'SELECT * FROM `tags` WHERE `name` = 'Salute''
2025-06-20 19:39:15,892 [DEBUG] SelectIterator closed iterator @765826899 after 1 rows
2025-06-20 19:39:15,892 [DEBUG] StatementExecutor query of 'SELECT * FROM `tags` WHERE `name` = 'Salute'' with 0 args returned 1 results
2025-06-20 19:39:15,892 [DEBUG] StatementBuilder built statement SELECT * FROM `tags` WHERE `name` = 'Viaggi'
2025-06-20 19:39:15,893 [DEBUG] BaseMappedStatement prepared statement 'SELECT * FROM `tags` WHERE `name` = 'Viaggi'' with 0 args
2025-06-20 19:39:15,893 [DEBUG] SelectIterator starting iterator @90346768 for 'SELECT * FROM `tags` WHERE `name` = 'Viaggi''
2025-06-20 19:39:15,894 [DEBUG] SelectIterator closed iterator @90346768 after 1 rows
2025-06-20 19:39:15,894 [DEBUG] StatementExecutor query of 'SELECT * FROM `tags` WHERE `name` = 'Viaggi'' with 0 args returned 1 results
2025-06-20 19:39:15,894 [DEBUG] StatementBuilder built statement SELECT * FROM `tags` WHERE `name` = 'Educazione'
2025-06-20 19:39:15,894 [DEBUG] BaseMappedStatement prepared statement 'SELECT * FROM `tags` WHERE `name` = 'Educazione'' with 0 args
2025-06-20 19:39:15,895 [DEBUG] SelectIterator starting iterator @1307950260 for 'SELECT * FROM `tags` WHERE `name` = 'Educazione''
2025-06-20 19:39:15,896 [DEBUG] SelectIterator closed iterator @1307950260 after 1 rows
2025-06-20 19:39:15,896 [DEBUG] StatementExecutor query of 'SELECT * FROM `tags` WHERE `name` = 'Educazione'' with 0 args returned 1 results
2025-06-20 19:39:15,955 [DEBUG] StatementBuilder built statement SELECT * FROM `Users`
2025-06-20 19:39:15,956 [DEBUG] BaseMappedStatement prepared statement 'SELECT * FROM `Users`' with 0 args
2025-06-20 19:39:15,957 [DEBUG] SelectIterator starting iterator @840514538 for 'SELECT * FROM `Users`'
2025-06-20 19:39:15,962 [DEBUG] SelectIterator closed iterator @840514538 after 3 rows
2025-06-20 19:39:15,963 [DEBUG] StatementExecutor query of 'SELECT * FROM `Users`' with 0 args returned 3 results
View caricate con successo dal database:
Trovata view: Charlie di tipo User
  -> È un utente: Charlie
Trovata view: Bob di tipo User
  -> È un utente: Bob
Trovata view: Alice di tipo User
  -> È un utente: Alice
Trovata view: global di tipo Global
2025-06-20 19:39:15,981 [DEBUG] BaseJdbcConnectionSource closed connection #186061555
2025-06-20 19:39:15,988 [DEBUG] BaseJdbcConnectionSource opened connection to jdbc:sqlite:database.db got #909132503
2025-06-20 19:39:15,992 [DEBUG] StatementBuilder built statement SELECT COUNT(*) FROM `Users` WHERE `id` = ?
2025-06-20 19:39:15,996 [DEBUG] StatementExecutor query of 'SELECT COUNT(*) FROM `Users` WHERE `id` = ?' returned 1
2025-06-20 19:39:16,035 [DEBUG] BaseMappedStatement update data with statement 'UPDATE `Users` SET `name` = ? WHERE `id` = ?' and 2 args, changed 1 rows
2025-06-20 19:39:16,038 [DEBUG] StatementBuilder built statement SELECT * FROM `Transactions` WHERE `user_id` = ?
2025-06-20 19:39:16,040 [DEBUG] BaseMappedStatement prepared statement 'SELECT * FROM `Transactions` WHERE `user_id` = ?' with 1 args
2025-06-20 19:39:16,041 [DEBUG] SelectIterator starting iterator @811207775 for 'SELECT * FROM `Transactions` WHERE `user_id` = ?'
2025-06-20 19:39:16,042 [DEBUG] SelectIterator closed iterator @811207775 after 0 rows
2025-06-20 19:39:16,043 [DEBUG] StatementExecutor query of 'SELECT COUNT(*) FROM `Users` WHERE `id` = ?' returned 1
2025-06-20 19:39:16,050 [DEBUG] BaseMappedStatement update data with statement 'UPDATE `Users` SET `name` = ? WHERE `id` = ?' and 2 args, changed 1 rows
2025-06-20 19:39:16,050 [DEBUG] StatementBuilder built statement SELECT * FROM `Transactions` WHERE `user_id` = ?
2025-06-20 19:39:16,051 [DEBUG] BaseMappedStatement prepared statement 'SELECT * FROM `Transactions` WHERE `user_id` = ?' with 1 args
2025-06-20 19:39:16,051 [DEBUG] SelectIterator starting iterator @1161148117 for 'SELECT * FROM `Transactions` WHERE `user_id` = ?'
2025-06-20 19:39:16,052 [DEBUG] SelectIterator closed iterator @1161148117 after 0 rows
2025-06-20 19:39:16,052 [DEBUG] StatementExecutor query of 'SELECT COUNT(*) FROM `Users` WHERE `id` = ?' returned 1
2025-06-20 19:39:16,060 [DEBUG] BaseMappedStatement update data with statement 'UPDATE `Users` SET `name` = ? WHERE `id` = ?' and 2 args, changed 1 rows
2025-06-20 19:39:16,060 [DEBUG] StatementBuilder built statement SELECT * FROM `Transactions` WHERE `user_id` = ?
2025-06-20 19:39:16,060 [DEBUG] BaseMappedStatement prepared statement 'SELECT * FROM `Transactions` WHERE `user_id` = ?' with 1 args
2025-06-20 19:39:16,061 [DEBUG] SelectIterator starting iterator @516875052 for 'SELECT * FROM `Transactions` WHERE `user_id` = ?'
2025-06-20 19:39:16,061 [DEBUG] SelectIterator closed iterator @516875052 after 0 rows
]]></system-out>
  <system-err><![CDATA[giu 20, 2025 7:39:15 PM it.unicam.cs.mpgc.jbudget125639.modules.ModulesHandler loadModule
INFORMAZIONI: Loaded module: Database
giu 20, 2025 7:39:15 PM it.unicam.cs.mpgc.jbudget125639.modules.ModulesHandler loadModule
INFORMAZIONI: Loaded module: Global
giu 20, 2025 7:39:15 PM it.unicam.cs.mpgc.jbudget125639.modules.ModulesHandler unloadModule
INFORMAZIONI: Unloaded module: Database
giu 20, 2025 7:39:16 PM it.unicam.cs.mpgc.jbudget125639.modules.ModulesHandler unloadModule
INFORMAZIONI: Unloaded module: Global
]]></system-err>
</testsuite>
