<?xml version="1.0" encoding="UTF-8"?>
<testsuite name="ValidationTest" tests="2" skipped="0" failures="0" errors="0" timestamp="2025-06-20T19:29:47" hostname="PC_DI_ALDO" time="0.304">
  <properties/>
  <testcase name="moneyValidationFailsForInvalidValues()" classname="ValidationTest" time="0.284"/>
  <testcase name="moneyValidationSucceedsForValidValues()" classname="ValidationTest" time="0.009"/>
  <system-out><![CDATA[]]></system-out>
  <system-err><![CDATA[giu 20, 2025 9:29:47 PM org.hibernate.validator.internal.util.Version <clinit>
INFO: HV000001: Hibernate Validator 8.0.0.Final
]]></system-err>
</testsuite>
