<?xml version="1.0" encoding="UTF-8"?>
<testsuite name="PersistenceTest" tests="1" skipped="0" failures="0" errors="0" timestamp="2025-06-20T19:29:46" hostname="PC_DI_ALDO" time="0.042">
  <properties/>
  <testcase name="addUser()" classname="PersistenceTest" time="0.042"/>
  <system-out><![CDATA[2025-06-20 21:29:46,863 [DEBUG] DaoManager created dao for class class it.unicam.cs.mpgc.jbudget125639.entities.Transaction with reflection
2025-06-20 21:29:46,864 [DEBUG] DaoManager created dao for class class it.unicam.cs.mpgc.jbudget125639.entities.TransactionTag with reflection
2025-06-20 21:29:46,865 [DEBUG] DaoManager created dao for class class it.unicam.cs.mpgc.jbudget125639.filters.tags.PriorityTag with reflection
2025-06-20 21:29:46,865 [DEBUG] DaoManager created dao for class class it.unicam.cs.mpgc.jbudget125639.entities.User with reflection
2025-06-20 21:29:46,865 [INFO] TableUtils creating table 'Users'
2025-06-20 21:29:46,868 [DEBUG] BaseJdbcConnectionSource opened connection to jdbc:sqlite:database.db got #1514214932
2025-06-20 21:29:46,869 [INFO] TableUtils executed create table statement changed 0 rows: CREATE TABLE IF NOT EXISTS `Users` (`id` INTEGER PRIMARY KEY AUTOINCREMENT , `name` VARCHAR NOT NULL ,  UNIQUE (`name`)) 
2025-06-20 21:29:46,870 [INFO] TableUtils creating table 'Transactions'
2025-06-20 21:29:46,871 [INFO] TableUtils executed create table statement changed 0 rows: CREATE TABLE IF NOT EXISTS `Transactions` (`user_id` INTEGER , `id` INTEGER PRIMARY KEY AUTOINCREMENT , `direction` VARCHAR NOT NULL , `amount` BLOB NOT NULL , `description` VARCHAR NOT NULL , `date` TIMESTAMP NOT NULL ) 
2025-06-20 21:29:46,871 [INFO] TableUtils creating table 'tags'
2025-06-20 21:29:46,872 [INFO] TableUtils executed create table statement changed 0 rows: CREATE TABLE IF NOT EXISTS `tags` (`id` INTEGER PRIMARY KEY AUTOINCREMENT , `name` VARCHAR NOT NULL , `priority` INTEGER NOT NULL ,  UNIQUE (`name`)) 
2025-06-20 21:29:46,872 [INFO] TableUtils creating table 'transaction_tags'
2025-06-20 21:29:46,873 [INFO] TableUtils executed create table statement changed 0 rows: CREATE TABLE IF NOT EXISTS `transaction_tags` (`id` INTEGER PRIMARY KEY AUTOINCREMENT , `transaction_id` INTEGER , `tag_id` INTEGER ) 
2025-06-20 21:29:46,873 [DEBUG] StatementBuilder built statement SELECT * FROM `tags` WHERE `name` = 'Utenze'
2025-06-20 21:29:46,874 [DEBUG] BaseMappedStatement prepared statement 'SELECT * FROM `tags` WHERE `name` = 'Utenze'' with 0 args
2025-06-20 21:29:46,875 [DEBUG] SelectIterator starting iterator @594858858 for 'SELECT * FROM `tags` WHERE `name` = 'Utenze''
2025-06-20 21:29:46,876 [DEBUG] SelectIterator closed iterator @594858858 after 1 rows
2025-06-20 21:29:46,877 [DEBUG] StatementExecutor query of 'SELECT * FROM `tags` WHERE `name` = 'Utenze'' with 0 args returned 1 results
2025-06-20 21:29:46,877 [DEBUG] StatementBuilder built statement SELECT * FROM `tags` WHERE `name` = 'Sport'
2025-06-20 21:29:46,877 [DEBUG] BaseMappedStatement prepared statement 'SELECT * FROM `tags` WHERE `name` = 'Sport'' with 0 args
2025-06-20 21:29:46,878 [DEBUG] SelectIterator starting iterator @1423016050 for 'SELECT * FROM `tags` WHERE `name` = 'Sport''
2025-06-20 21:29:46,879 [DEBUG] SelectIterator closed iterator @1423016050 after 1 rows
2025-06-20 21:29:46,880 [DEBUG] StatementExecutor query of 'SELECT * FROM `tags` WHERE `name` = 'Sport'' with 0 args returned 1 results
2025-06-20 21:29:46,880 [DEBUG] StatementBuilder built statement SELECT * FROM `tags` WHERE `name` = 'Manutenzione Auto'
2025-06-20 21:29:46,880 [DEBUG] BaseMappedStatement prepared statement 'SELECT * FROM `tags` WHERE `name` = 'Manutenzione Auto'' with 0 args
2025-06-20 21:29:46,880 [DEBUG] SelectIterator starting iterator @352776719 for 'SELECT * FROM `tags` WHERE `name` = 'Manutenzione Auto''
2025-06-20 21:29:46,882 [DEBUG] SelectIterator closed iterator @352776719 after 1 rows
2025-06-20 21:29:46,882 [DEBUG] StatementExecutor query of 'SELECT * FROM `tags` WHERE `name` = 'Manutenzione Auto'' with 0 args returned 1 results
2025-06-20 21:29:46,882 [DEBUG] StatementBuilder built statement SELECT * FROM `tags` WHERE `name` = 'Alimentari'
2025-06-20 21:29:46,883 [DEBUG] BaseMappedStatement prepared statement 'SELECT * FROM `tags` WHERE `name` = 'Alimentari'' with 0 args
2025-06-20 21:29:46,883 [DEBUG] SelectIterator starting iterator @1202042637 for 'SELECT * FROM `tags` WHERE `name` = 'Alimentari''
2025-06-20 21:29:46,883 [DEBUG] SelectIterator closed iterator @1202042637 after 1 rows
2025-06-20 21:29:46,883 [DEBUG] StatementExecutor query of 'SELECT * FROM `tags` WHERE `name` = 'Alimentari'' with 0 args returned 1 results
2025-06-20 21:29:46,884 [DEBUG] StatementBuilder built statement SELECT * FROM `tags` WHERE `name` = 'Abbigliamento'
2025-06-20 21:29:46,884 [DEBUG] BaseMappedStatement prepared statement 'SELECT * FROM `tags` WHERE `name` = 'Abbigliamento'' with 0 args
2025-06-20 21:29:46,885 [DEBUG] SelectIterator starting iterator @1112527632 for 'SELECT * FROM `tags` WHERE `name` = 'Abbigliamento''
2025-06-20 21:29:46,885 [DEBUG] SelectIterator closed iterator @1112527632 after 1 rows
2025-06-20 21:29:46,885 [DEBUG] StatementExecutor query of 'SELECT * FROM `tags` WHERE `name` = 'Abbigliamento'' with 0 args returned 1 results
2025-06-20 21:29:46,885 [DEBUG] StatementBuilder built statement SELECT * FROM `tags` WHERE `name` = 'Intrattenimento'
2025-06-20 21:29:46,885 [DEBUG] BaseMappedStatement prepared statement 'SELECT * FROM `tags` WHERE `name` = 'Intrattenimento'' with 0 args
2025-06-20 21:29:46,886 [DEBUG] SelectIterator starting iterator @440736059 for 'SELECT * FROM `tags` WHERE `name` = 'Intrattenimento''
2025-06-20 21:29:46,886 [DEBUG] SelectIterator closed iterator @440736059 after 1 rows
2025-06-20 21:29:46,886 [DEBUG] StatementExecutor query of 'SELECT * FROM `tags` WHERE `name` = 'Intrattenimento'' with 0 args returned 1 results
2025-06-20 21:29:46,887 [DEBUG] StatementBuilder built statement SELECT * FROM `tags` WHERE `name` = 'Salute'
2025-06-20 21:29:46,888 [DEBUG] BaseMappedStatement prepared statement 'SELECT * FROM `tags` WHERE `name` = 'Salute'' with 0 args
2025-06-20 21:29:46,888 [DEBUG] SelectIterator starting iterator @955324150 for 'SELECT * FROM `tags` WHERE `name` = 'Salute''
2025-06-20 21:29:46,889 [DEBUG] SelectIterator closed iterator @955324150 after 1 rows
2025-06-20 21:29:46,889 [DEBUG] StatementExecutor query of 'SELECT * FROM `tags` WHERE `name` = 'Salute'' with 0 args returned 1 results
2025-06-20 21:29:46,889 [DEBUG] StatementBuilder built statement SELECT * FROM `tags` WHERE `name` = 'Viaggi'
2025-06-20 21:29:46,889 [DEBUG] BaseMappedStatement prepared statement 'SELECT * FROM `tags` WHERE `name` = 'Viaggi'' with 0 args
2025-06-20 21:29:46,889 [DEBUG] SelectIterator starting iterator @1384563514 for 'SELECT * FROM `tags` WHERE `name` = 'Viaggi''
2025-06-20 21:29:46,890 [DEBUG] SelectIterator closed iterator @1384563514 after 1 rows
2025-06-20 21:29:46,890 [DEBUG] StatementExecutor query of 'SELECT * FROM `tags` WHERE `name` = 'Viaggi'' with 0 args returned 1 results
2025-06-20 21:29:46,890 [DEBUG] StatementBuilder built statement SELECT * FROM `tags` WHERE `name` = 'Educazione'
2025-06-20 21:29:46,890 [DEBUG] BaseMappedStatement prepared statement 'SELECT * FROM `tags` WHERE `name` = 'Educazione'' with 0 args
2025-06-20 21:29:46,890 [DEBUG] SelectIterator starting iterator @1852661033 for 'SELECT * FROM `tags` WHERE `name` = 'Educazione''
2025-06-20 21:29:46,890 [DEBUG] SelectIterator closed iterator @1852661033 after 1 rows
2025-06-20 21:29:46,891 [DEBUG] StatementExecutor query of 'SELECT * FROM `tags` WHERE `name` = 'Educazione'' with 0 args returned 1 results
2025-06-20 21:29:46,894 [DEBUG] StatementBuilder built statement SELECT * FROM `Users`
2025-06-20 21:29:46,894 [DEBUG] BaseMappedStatement prepared statement 'SELECT * FROM `Users`' with 0 args
2025-06-20 21:29:46,894 [DEBUG] SelectIterator starting iterator @1548946718 for 'SELECT * FROM `Users`'
2025-06-20 21:29:46,895 [DEBUG] SelectIterator closed iterator @1548946718 after 1 rows
2025-06-20 21:29:46,896 [DEBUG] StatementExecutor query of 'SELECT * FROM `Users`' with 0 args returned 1 results
2025-06-20 21:29:46,911 [DEBUG] StatementBuilder built statement SELECT COUNT(*) FROM `Users` WHERE `id` = ?
2025-06-20 21:29:46,913 [DEBUG] StatementExecutor query of 'SELECT COUNT(*) FROM `Users` WHERE `id` = ?' returned 1
2025-06-20 21:29:46,921 [DEBUG] BaseMappedStatement update data with statement 'UPDATE `Users` SET `name` = ? WHERE `id` = ?' and 2 args, changed 1 rows
2025-06-20 21:29:46,923 [DEBUG] StatementBuilder built statement SELECT * FROM `Transactions` WHERE `user_id` = ?
2025-06-20 21:29:46,924 [DEBUG] BaseMappedStatement prepared statement 'SELECT * FROM `Transactions` WHERE `user_id` = ?' with 1 args
2025-06-20 21:29:46,924 [DEBUG] SelectIterator starting iterator @1218519094 for 'SELECT * FROM `Transactions` WHERE `user_id` = ?'
2025-06-20 21:29:46,926 [DEBUG] StatementBuilder built statement SELECT * FROM `transaction_tags` WHERE `transaction_id` = ?
2025-06-20 21:29:46,927 [DEBUG] BaseMappedStatement prepared statement 'SELECT * FROM `transaction_tags` WHERE `transaction_id` = ?' with 1 args
2025-06-20 21:29:46,928 [DEBUG] SelectIterator starting iterator @200404000 for 'SELECT * FROM `transaction_tags` WHERE `transaction_id` = ?'
2025-06-20 21:29:46,929 [DEBUG] SelectIterator closed iterator @200404000 after 0 rows
2025-06-20 21:29:46,929 [DEBUG] StatementExecutor query of 'SELECT * FROM `transaction_tags` WHERE `transaction_id` = ?' with 1 args returned 0 results
2025-06-20 21:29:46,930 [DEBUG] StatementBuilder built statement SELECT COUNT(*) FROM `Transactions` WHERE `id` = ?
2025-06-20 21:29:46,930 [DEBUG] StatementExecutor query of 'SELECT COUNT(*) FROM `Transactions` WHERE `id` = ?' returned 1
2025-06-20 21:29:46,931 [DEBUG] BaseMappedStatement update data with statement 'UPDATE `Transactions` SET `user_id` = ?, `direction` = ?, `amount` = ?, `description` = ?, `date` = ? WHERE `id` = ?' and 6 args, changed 1 rows
2025-06-20 21:29:46,933 [DEBUG] StatementBuilder built statement SELECT * FROM `transaction_tags` WHERE `transaction_id` = ?
2025-06-20 21:29:46,933 [DEBUG] BaseMappedStatement prepared statement 'SELECT * FROM `transaction_tags` WHERE `transaction_id` = ?' with 1 args
2025-06-20 21:29:46,933 [DEBUG] SelectIterator starting iterator @1242688388 for 'SELECT * FROM `transaction_tags` WHERE `transaction_id` = ?'
2025-06-20 21:29:46,933 [DEBUG] SelectIterator closed iterator @1242688388 after 0 rows
2025-06-20 21:29:46,934 [DEBUG] StatementExecutor query of 'SELECT * FROM `transaction_tags` WHERE `transaction_id` = ?' with 1 args returned 0 results
2025-06-20 21:29:46,934 [DEBUG] StatementExecutor query of 'SELECT COUNT(*) FROM `Transactions` WHERE `id` = ?' returned 1
2025-06-20 21:29:46,936 [DEBUG] BaseMappedStatement update data with statement 'UPDATE `Transactions` SET `user_id` = ?, `direction` = ?, `amount` = ?, `description` = ?, `date` = ? WHERE `id` = ?' and 6 args, changed 1 rows
2025-06-20 21:29:46,938 [DEBUG] StatementBuilder built statement SELECT * FROM `transaction_tags` WHERE `transaction_id` = ?
2025-06-20 21:29:46,940 [DEBUG] BaseMappedStatement prepared statement 'SELECT * FROM `transaction_tags` WHERE `transaction_id` = ?' with 1 args
2025-06-20 21:29:46,941 [DEBUG] SelectIterator starting iterator @1316005672 for 'SELECT * FROM `transaction_tags` WHERE `transaction_id` = ?'
2025-06-20 21:29:46,941 [DEBUG] SelectIterator closed iterator @1316005672 after 0 rows
2025-06-20 21:29:46,941 [DEBUG] StatementExecutor query of 'SELECT * FROM `transaction_tags` WHERE `transaction_id` = ?' with 1 args returned 0 results
2025-06-20 21:29:46,942 [DEBUG] StatementExecutor query of 'SELECT COUNT(*) FROM `Transactions` WHERE `id` = ?' returned 1
2025-06-20 21:29:46,945 [DEBUG] BaseMappedStatement update data with statement 'UPDATE `Transactions` SET `user_id` = ?, `direction` = ?, `amount` = ?, `description` = ?, `date` = ? WHERE `id` = ?' and 6 args, changed 1 rows
2025-06-20 21:29:46,946 [DEBUG] SelectIterator closed iterator @1218519094 after 3 rows
]]></system-out>
  <system-err><![CDATA[giu 20, 2025 9:29:46 PM it.unicam.cs.mpgc.jbudget125639.modules.ModulesHandler loadModule
INFORMAZIONI: Loaded module: Database
giu 20, 2025 9:29:46 PM it.unicam.cs.mpgc.jbudget125639.modules.ModulesHandler loadModule
INFORMAZIONI: Loaded module: Global
]]></system-err>
</testsuite>
