<?xml version="1.0" encoding="UTF-8"?>
<testsuite name="TestTagsSave" tests="1" skipped="0" failures="0" errors="0" timestamp="2025-06-22T13:18:52" hostname="PC_DI_ALDO" time="0.268">
  <properties/>
  <testcase name="saveTransactionWithTags()" classname="TestTagsSave" time="0.268"/>
  <system-out><![CDATA[2025-06-22 15:18:52,241 [DEBUG] DaoManager created dao for class class it.unicam.cs.mpgc.jbudget125639.entities.Transaction with reflection
2025-06-22 15:18:52,252 [DEBUG] DaoManager created dao for class class it.unicam.cs.mpgc.jbudget125639.entities.TransactionTag with reflection
2025-06-22 15:18:52,254 [DEBUG] DaoManager created dao for class class it.unicam.cs.mpgc.jbudget125639.filters.tags.PriorityTag with reflection
2025-06-22 15:18:52,256 [DEBUG] DaoManager created dao for class class it.unicam.cs.mpgc.jbudget125639.entities.User with reflection
2025-06-22 15:18:52,256 [INFO] TableUtils creating table 'Users'
2025-06-22 15:18:52,744 [DEBUG] BaseJdbcConnectionSource opened connection to jdbc:sqlite:database.db got #187457031
2025-06-22 15:18:52,784 [INFO] TableUtils executed create table statement changed 0 rows: CREATE TABLE IF NOT EXISTS `Users` (`id` INTEGER PRIMARY KEY AUTOINCREMENT , `name` VARCHAR NOT NULL ,  UNIQUE (`name`)) 
2025-06-22 15:18:52,786 [INFO] TableUtils creating table 'Transactions'
2025-06-22 15:18:52,788 [INFO] TableUtils executed create table statement changed 0 rows: CREATE TABLE IF NOT EXISTS `Transactions` (`user_id` INTEGER , `id` INTEGER PRIMARY KEY AUTOINCREMENT , `direction` VARCHAR NOT NULL , `amount` BLOB NOT NULL , `description` VARCHAR NOT NULL , `date` TIMESTAMP NOT NULL ) 
2025-06-22 15:18:52,789 [INFO] TableUtils creating table 'tags'
2025-06-22 15:18:52,789 [INFO] TableUtils executed create table statement changed 0 rows: CREATE TABLE IF NOT EXISTS `tags` (`id` INTEGER PRIMARY KEY AUTOINCREMENT , `name` VARCHAR NOT NULL , `priority` INTEGER NOT NULL ,  UNIQUE (`name`)) 
2025-06-22 15:18:52,791 [INFO] TableUtils creating table 'transaction_tags'
2025-06-22 15:18:52,791 [INFO] TableUtils executed create table statement changed 0 rows: CREATE TABLE IF NOT EXISTS `transaction_tags` (`id` INTEGER PRIMARY KEY AUTOINCREMENT , `transaction_id` INTEGER , `tag_id` INTEGER ) 
2025-06-22 15:18:52,803 [DEBUG] StatementBuilder built statement SELECT * FROM `tags` WHERE `name` = 'Utenze'
2025-06-22 15:18:52,810 [DEBUG] BaseMappedStatement prepared statement 'SELECT * FROM `tags` WHERE `name` = 'Utenze'' with 0 args
2025-06-22 15:18:52,816 [DEBUG] SelectIterator starting iterator @1631119258 for 'SELECT * FROM `tags` WHERE `name` = 'Utenze''
2025-06-22 15:18:52,829 [DEBUG] SelectIterator closed iterator @1631119258 after 1 rows
2025-06-22 15:18:52,831 [DEBUG] StatementExecutor query of 'SELECT * FROM `tags` WHERE `name` = 'Utenze'' with 0 args returned 1 results
2025-06-22 15:18:52,831 [DEBUG] StatementBuilder built statement SELECT * FROM `tags` WHERE `name` = 'Sport'
2025-06-22 15:18:52,832 [DEBUG] BaseMappedStatement prepared statement 'SELECT * FROM `tags` WHERE `name` = 'Sport'' with 0 args
2025-06-22 15:18:52,833 [DEBUG] SelectIterator starting iterator @385739920 for 'SELECT * FROM `tags` WHERE `name` = 'Sport''
2025-06-22 15:18:52,834 [DEBUG] SelectIterator closed iterator @385739920 after 1 rows
2025-06-22 15:18:52,834 [DEBUG] StatementExecutor query of 'SELECT * FROM `tags` WHERE `name` = 'Sport'' with 0 args returned 1 results
2025-06-22 15:18:52,834 [DEBUG] StatementBuilder built statement SELECT * FROM `tags` WHERE `name` = 'Manutenzione Auto'
2025-06-22 15:18:52,835 [DEBUG] BaseMappedStatement prepared statement 'SELECT * FROM `tags` WHERE `name` = 'Manutenzione Auto'' with 0 args
2025-06-22 15:18:52,835 [DEBUG] SelectIterator starting iterator @452842611 for 'SELECT * FROM `tags` WHERE `name` = 'Manutenzione Auto''
2025-06-22 15:18:52,835 [DEBUG] SelectIterator closed iterator @452842611 after 1 rows
2025-06-22 15:18:52,837 [DEBUG] StatementExecutor query of 'SELECT * FROM `tags` WHERE `name` = 'Manutenzione Auto'' with 0 args returned 1 results
2025-06-22 15:18:52,837 [DEBUG] StatementBuilder built statement SELECT * FROM `tags` WHERE `name` = 'Alimentari'
2025-06-22 15:18:52,837 [DEBUG] BaseMappedStatement prepared statement 'SELECT * FROM `tags` WHERE `name` = 'Alimentari'' with 0 args
2025-06-22 15:18:52,838 [DEBUG] SelectIterator starting iterator @1076071888 for 'SELECT * FROM `tags` WHERE `name` = 'Alimentari''
2025-06-22 15:18:52,839 [DEBUG] SelectIterator closed iterator @1076071888 after 1 rows
2025-06-22 15:18:52,839 [DEBUG] StatementExecutor query of 'SELECT * FROM `tags` WHERE `name` = 'Alimentari'' with 0 args returned 1 results
2025-06-22 15:18:52,839 [DEBUG] StatementBuilder built statement SELECT * FROM `tags` WHERE `name` = 'Abbigliamento'
2025-06-22 15:18:52,841 [DEBUG] BaseMappedStatement prepared statement 'SELECT * FROM `tags` WHERE `name` = 'Abbigliamento'' with 0 args
2025-06-22 15:18:52,841 [DEBUG] SelectIterator starting iterator @7829163 for 'SELECT * FROM `tags` WHERE `name` = 'Abbigliamento''
2025-06-22 15:18:52,841 [DEBUG] SelectIterator closed iterator @7829163 after 1 rows
2025-06-22 15:18:52,842 [DEBUG] StatementExecutor query of 'SELECT * FROM `tags` WHERE `name` = 'Abbigliamento'' with 0 args returned 1 results
2025-06-22 15:18:52,842 [DEBUG] StatementBuilder built statement SELECT * FROM `tags` WHERE `name` = 'Intrattenimento'
2025-06-22 15:18:52,842 [DEBUG] BaseMappedStatement prepared statement 'SELECT * FROM `tags` WHERE `name` = 'Intrattenimento'' with 0 args
2025-06-22 15:18:52,843 [DEBUG] SelectIterator starting iterator @2031588185 for 'SELECT * FROM `tags` WHERE `name` = 'Intrattenimento''
2025-06-22 15:18:52,843 [DEBUG] SelectIterator closed iterator @2031588185 after 1 rows
2025-06-22 15:18:52,843 [DEBUG] StatementExecutor query of 'SELECT * FROM `tags` WHERE `name` = 'Intrattenimento'' with 0 args returned 1 results
2025-06-22 15:18:52,843 [DEBUG] StatementBuilder built statement SELECT * FROM `tags` WHERE `name` = 'Salute'
2025-06-22 15:18:52,844 [DEBUG] BaseMappedStatement prepared statement 'SELECT * FROM `tags` WHERE `name` = 'Salute'' with 0 args
2025-06-22 15:18:52,844 [DEBUG] SelectIterator starting iterator @230526532 for 'SELECT * FROM `tags` WHERE `name` = 'Salute''
2025-06-22 15:18:52,845 [DEBUG] SelectIterator closed iterator @230526532 after 1 rows
2025-06-22 15:18:52,845 [DEBUG] StatementExecutor query of 'SELECT * FROM `tags` WHERE `name` = 'Salute'' with 0 args returned 1 results
2025-06-22 15:18:52,845 [DEBUG] StatementBuilder built statement SELECT * FROM `tags` WHERE `name` = 'Viaggi'
2025-06-22 15:18:52,846 [DEBUG] BaseMappedStatement prepared statement 'SELECT * FROM `tags` WHERE `name` = 'Viaggi'' with 0 args
2025-06-22 15:18:52,846 [DEBUG] SelectIterator starting iterator @1370283822 for 'SELECT * FROM `tags` WHERE `name` = 'Viaggi''
2025-06-22 15:18:52,846 [DEBUG] SelectIterator closed iterator @1370283822 after 1 rows
2025-06-22 15:18:52,847 [DEBUG] StatementExecutor query of 'SELECT * FROM `tags` WHERE `name` = 'Viaggi'' with 0 args returned 1 results
2025-06-22 15:18:52,847 [DEBUG] StatementBuilder built statement SELECT * FROM `tags` WHERE `name` = 'Educazione'
2025-06-22 15:18:52,848 [DEBUG] BaseMappedStatement prepared statement 'SELECT * FROM `tags` WHERE `name` = 'Educazione'' with 0 args
2025-06-22 15:18:52,848 [DEBUG] SelectIterator starting iterator @1783966110 for 'SELECT * FROM `tags` WHERE `name` = 'Educazione''
2025-06-22 15:18:52,849 [DEBUG] SelectIterator closed iterator @1783966110 after 1 rows
2025-06-22 15:18:52,849 [DEBUG] StatementExecutor query of 'SELECT * FROM `tags` WHERE `name` = 'Educazione'' with 0 args returned 1 results
2025-06-22 15:18:52,919 [DEBUG] StatementBuilder built statement SELECT * FROM `Users`
2025-06-22 15:18:52,920 [DEBUG] BaseMappedStatement prepared statement 'SELECT * FROM `Users`' with 0 args
2025-06-22 15:18:52,921 [DEBUG] SelectIterator starting iterator @1524305331 for 'SELECT * FROM `Users`'
2025-06-22 15:18:52,927 [DEBUG] SelectIterator closed iterator @1524305331 after 2 rows
2025-06-22 15:18:52,927 [DEBUG] StatementExecutor query of 'SELECT * FROM `Users`' with 0 args returned 2 results
2025-06-22 15:18:52,986 [DEBUG] StatementBuilder built statement SELECT COUNT(*) FROM `Users` WHERE `id` = ?
2025-06-22 15:18:52,999 [DEBUG] StatementExecutor query of 'SELECT COUNT(*) FROM `Users` WHERE `id` = ?' returned 1
2025-06-22 15:18:53,044 [DEBUG] BaseMappedStatement update data with statement 'UPDATE `Users` SET `name` = ? WHERE `id` = ?' and 2 args, changed 1 rows
2025-06-22 15:18:53,046 [DEBUG] StatementBuilder built statement SELECT * FROM `Transactions` WHERE `user_id` = ?
2025-06-22 15:18:53,048 [DEBUG] BaseMappedStatement prepared statement 'SELECT * FROM `Transactions` WHERE `user_id` = ?' with 1 args
2025-06-22 15:18:53,049 [DEBUG] SelectIterator starting iterator @1877062907 for 'SELECT * FROM `Transactions` WHERE `user_id` = ?'
2025-06-22 15:18:53,059 [DEBUG] StatementBuilder built statement SELECT * FROM `transaction_tags` WHERE `transaction_id` = ?
2025-06-22 15:18:53,060 [DEBUG] BaseMappedStatement prepared statement 'SELECT * FROM `transaction_tags` WHERE `transaction_id` = ?' with 1 args
2025-06-22 15:18:53,061 [DEBUG] SelectIterator starting iterator @295304806 for 'SELECT * FROM `transaction_tags` WHERE `transaction_id` = ?'
2025-06-22 15:18:53,061 [DEBUG] BaseMappedStatement query-for-id using 'SELECT * FROM `tags` WHERE `id` = ?' and 1 args, got 1 result
2025-06-22 15:18:53,063 [DEBUG] BaseMappedStatement query-for-id using 'SELECT * FROM `tags` WHERE `id` = ?' and 1 args, got 1 result
2025-06-22 15:18:53,063 [DEBUG] SelectIterator closed iterator @295304806 after 2 rows
2025-06-22 15:18:53,064 [DEBUG] StatementExecutor query of 'SELECT * FROM `transaction_tags` WHERE `transaction_id` = ?' with 1 args returned 2 results
2025-06-22 15:18:53,064 [DEBUG] StatementBuilder built statement SELECT COUNT(*) FROM `Transactions` WHERE `id` = ?
2025-06-22 15:18:53,065 [DEBUG] StatementExecutor query of 'SELECT COUNT(*) FROM `Transactions` WHERE `id` = ?' returned 1
2025-06-22 15:18:53,069 [DEBUG] BaseMappedStatement update data with statement 'UPDATE `Transactions` SET `user_id` = ?, `direction` = ?, `amount` = ?, `description` = ?, `date` = ? WHERE `id` = ?' and 6 args, changed 1 rows
2025-06-22 15:18:53,070 [DEBUG] StatementBuilder built statement SELECT * FROM `tags` WHERE `name` = 'Abbigliamento'
2025-06-22 15:18:53,072 [DEBUG] BaseMappedStatement prepared statement 'SELECT * FROM `tags` WHERE `name` = 'Abbigliamento'' with 0 args
2025-06-22 15:18:53,072 [DEBUG] StatementExecutor query-for-first of 'SELECT * FROM `tags` WHERE `name` = 'Abbigliamento'' with 0 args returned at least 1 result
2025-06-22 15:18:53,074 [DEBUG] StatementBuilder built statement SELECT COUNT(*) FROM `transaction_tags` WHERE `id` = ?
2025-06-22 15:18:53,074 [DEBUG] StatementExecutor query of 'SELECT COUNT(*) FROM `transaction_tags` WHERE `id` = ?' returned 1
2025-06-22 15:18:53,075 [DEBUG] BaseMappedStatement update data with statement 'UPDATE `transaction_tags` SET `transaction_id` = ?, `tag_id` = ? WHERE `id` = ?' and 3 args, changed 1 rows
2025-06-22 15:18:53,075 [DEBUG] StatementBuilder built statement SELECT * FROM `tags` WHERE `name` = 'Salute'
2025-06-22 15:18:53,075 [DEBUG] BaseMappedStatement prepared statement 'SELECT * FROM `tags` WHERE `name` = 'Salute'' with 0 args
2025-06-22 15:18:53,076 [DEBUG] StatementExecutor query-for-first of 'SELECT * FROM `tags` WHERE `name` = 'Salute'' with 0 args returned at least 1 result
2025-06-22 15:18:53,076 [DEBUG] StatementExecutor query of 'SELECT COUNT(*) FROM `transaction_tags` WHERE `id` = ?' returned 1
2025-06-22 15:18:53,077 [DEBUG] BaseMappedStatement update data with statement 'UPDATE `transaction_tags` SET `transaction_id` = ?, `tag_id` = ? WHERE `id` = ?' and 3 args, changed 1 rows
2025-06-22 15:18:53,079 [DEBUG] StatementBuilder built statement SELECT * FROM `transaction_tags` WHERE `transaction_id` = ?
2025-06-22 15:18:53,079 [DEBUG] BaseMappedStatement prepared statement 'SELECT * FROM `transaction_tags` WHERE `transaction_id` = ?' with 1 args
2025-06-22 15:18:53,079 [DEBUG] SelectIterator starting iterator @711197015 for 'SELECT * FROM `transaction_tags` WHERE `transaction_id` = ?'
2025-06-22 15:18:53,079 [DEBUG] SelectIterator closed iterator @711197015 after 0 rows
2025-06-22 15:18:53,079 [DEBUG] StatementExecutor query of 'SELECT * FROM `transaction_tags` WHERE `transaction_id` = ?' with 1 args returned 0 results
2025-06-22 15:18:53,080 [DEBUG] StatementExecutor query of 'SELECT COUNT(*) FROM `Transactions` WHERE `id` = ?' returned 1
2025-06-22 15:18:53,080 [DEBUG] BaseMappedStatement update data with statement 'UPDATE `Transactions` SET `user_id` = ?, `direction` = ?, `amount` = ?, `description` = ?, `date` = ? WHERE `id` = ?' and 6 args, changed 1 rows
2025-06-22 15:18:53,080 [DEBUG] SelectIterator closed iterator @1877062907 after 2 rows
2025-06-22 15:18:53,090 [DEBUG] BaseMappedStatement insert data with statement 'INSERT INTO `Users` (`name` ) VALUES (?)' and 1 args, threw exception: org.sqlite.SQLiteException: [SQLITE_CONSTRAINT_UNIQUE] A UNIQUE constraint failed (UNIQUE constraint failed: Users.name)
]]></system-out>
  <system-err><![CDATA[giu 22, 2025 3:18:52 PM it.unicam.cs.mpgc.jbudget125639.modules.ModulesHandler loadModule
INFO: Loaded module: Database
giu 22, 2025 3:18:52 PM it.unicam.cs.mpgc.jbudget125639.modules.ModulesHandler loadModule
INFO: Loaded module: Global
java.lang.RuntimeException: java.sql.SQLException: Unable to run insert stmt on object User(id=null, name=test, transactions=[Transaction(direction=IN, amount=10.0 €, description=descrizione, date=Sun Jun 22 15:18:52 CEST 2025, transactionTags=[it.unicam.cs.mpgc.jbudget125639.entities.TransactionTag@3b, it.unicam.cs.mpgc.jbudget125639.entities.TransactionTag@3b])]): INSERT INTO `Users` (`name` ) VALUES (?)
	at it.unicam.cs.mpgc.jbudget125639.modules.GlobalModule.lambda$saveState$1(GlobalModule.java:72)
	at java.base/java.util.stream.ForEachOps$ForEachOp$OfRef.accept(ForEachOps.java:183)
	at java.base/java.util.stream.ReferencePipeline$3$1.accept(ReferencePipeline.java:197)
	at java.base/java.util.stream.ReferencePipeline$2$1.accept(ReferencePipeline.java:179)
	at java.base/java.util.HashMap$KeySpliterator.forEachRemaining(HashMap.java:1707)
	at java.base/java.util.stream.AbstractPipeline.copyInto(AbstractPipeline.java:509)
	at java.base/java.util.stream.AbstractPipeline.wrapAndCopyInto(AbstractPipeline.java:499)
	at java.base/java.util.stream.ForEachOps$ForEachOp.evaluateSequential(ForEachOps.java:150)
	at java.base/java.util.stream.ForEachOps$ForEachOp$OfRef.evaluateSequential(ForEachOps.java:173)
	at java.base/java.util.stream.AbstractPipeline.evaluate(AbstractPipeline.java:234)
	at java.base/java.util.stream.ReferencePipeline.forEach(ReferencePipeline.java:596)
	at it.unicam.cs.mpgc.jbudget125639.modules.GlobalModule.saveState(GlobalModule.java:68)
	at TestTagsSave.saveTransactionWithTags(TestTagsSave.java:48)
	at java.base/jdk.internal.reflect.NativeMethodAccessorImpl.invoke0(Native Method)
	at java.base/jdk.internal.reflect.NativeMethodAccessorImpl.invoke(NativeMethodAccessorImpl.java:77)
	at java.base/jdk.internal.reflect.DelegatingMethodAccessorImpl.invoke(DelegatingMethodAccessorImpl.java:43)
	at java.base/java.lang.reflect.Method.invoke(Method.java:568)
	at org.junit.platform.commons.util.ReflectionUtils.invokeMethod(ReflectionUtils.java:728)
	at org.junit.jupiter.engine.execution.MethodInvocation.proceed(MethodInvocation.java:60)
	at org.junit.jupiter.engine.execution.InvocationInterceptorChain$ValidatingInvocation.proceed(InvocationInterceptorChain.java:131)
	at org.junit.jupiter.engine.extension.TimeoutExtension.intercept(TimeoutExtension.java:156)
	at org.junit.jupiter.engine.extension.TimeoutExtension.interceptTestableMethod(TimeoutExtension.java:147)
	at org.junit.jupiter.engine.extension.TimeoutExtension.interceptTestMethod(TimeoutExtension.java:86)
	at org.junit.jupiter.engine.execution.InterceptingExecutableInvoker$ReflectiveInterceptorCall.lambda$ofVoidMethod$0(InterceptingExecutableInvoker.java:103)
	at org.junit.jupiter.engine.execution.InterceptingExecutableInvoker.lambda$invoke$0(InterceptingExecutableInvoker.java:93)
	at org.junit.jupiter.engine.execution.InvocationInterceptorChain$InterceptedInvocation.proceed(InvocationInterceptorChain.java:106)
	at org.junit.jupiter.engine.execution.InvocationInterceptorChain.proceed(InvocationInterceptorChain.java:64)
	at org.junit.jupiter.engine.execution.InvocationInterceptorChain.chainAndInvoke(InvocationInterceptorChain.java:45)
	at org.junit.jupiter.engine.execution.InvocationInterceptorChain.invoke(InvocationInterceptorChain.java:37)
	at org.junit.jupiter.engine.execution.InterceptingExecutableInvoker.invoke(InterceptingExecutableInvoker.java:92)
	at org.junit.jupiter.engine.execution.InterceptingExecutableInvoker.invoke(InterceptingExecutableInvoker.java:86)
	at org.junit.jupiter.engine.descriptor.TestMethodTestDescriptor.lambda$invokeTestMethod$7(TestMethodTestDescriptor.java:218)
	at org.junit.platform.engine.support.hierarchical.ThrowableCollector.execute(ThrowableCollector.java:73)
	at org.junit.jupiter.engine.descriptor.TestMethodTestDescriptor.invokeTestMethod(TestMethodTestDescriptor.java:214)
	at org.junit.jupiter.engine.descriptor.TestMethodTestDescriptor.execute(TestMethodTestDescriptor.java:139)
	at org.junit.jupiter.engine.descriptor.TestMethodTestDescriptor.execute(TestMethodTestDescriptor.java:69)
	at org.junit.platform.engine.support.hierarchical.NodeTestTask.lambda$executeRecursively$6(NodeTestTask.java:151)
	at org.junit.platform.engine.support.hierarchical.ThrowableCollector.execute(ThrowableCollector.java:73)
	at org.junit.platform.engine.support.hierarchical.NodeTestTask.lambda$executeRecursively$8(NodeTestTask.java:141)
	at org.junit.platform.engine.support.hierarchical.Node.around(Node.java:137)
	at org.junit.platform.engine.support.hierarchical.NodeTestTask.lambda$executeRecursively$9(NodeTestTask.java:139)
	at org.junit.platform.engine.support.hierarchical.ThrowableCollector.execute(ThrowableCollector.java:73)
	at org.junit.platform.engine.support.hierarchical.NodeTestTask.executeRecursively(NodeTestTask.java:138)
	at org.junit.platform.engine.support.hierarchical.NodeTestTask.execute(NodeTestTask.java:95)
	at java.base/java.util.ArrayList.forEach(ArrayList.java:1511)
	at org.junit.platform.engine.support.hierarchical.SameThreadHierarchicalTestExecutorService.invokeAll(SameThreadHierarchicalTestExecutorService.java:41)
	at org.junit.platform.engine.support.hierarchical.NodeTestTask.lambda$executeRecursively$6(NodeTestTask.java:155)
	at org.junit.platform.engine.support.hierarchical.ThrowableCollector.execute(ThrowableCollector.java:73)
	at org.junit.platform.engine.support.hierarchical.NodeTestTask.lambda$executeRecursively$8(NodeTestTask.java:141)
	at org.junit.platform.engine.support.hierarchical.Node.around(Node.java:137)
	at org.junit.platform.engine.support.hierarchical.NodeTestTask.lambda$executeRecursively$9(NodeTestTask.java:139)
	at org.junit.platform.engine.support.hierarchical.ThrowableCollector.execute(ThrowableCollector.java:73)
	at org.junit.platform.engine.support.hierarchical.NodeTestTask.executeRecursively(NodeTestTask.java:138)
	at org.junit.platform.engine.support.hierarchical.NodeTestTask.execute(NodeTestTask.java:95)
	at java.base/java.util.ArrayList.forEach(ArrayList.java:1511)
	at org.junit.platform.engine.support.hierarchical.SameThreadHierarchicalTestExecutorService.invokeAll(SameThreadHierarchicalTestExecutorService.java:41)
	at org.junit.platform.engine.support.hierarchical.NodeTestTask.lambda$executeRecursively$6(NodeTestTask.java:155)
	at org.junit.platform.engine.support.hierarchical.ThrowableCollector.execute(ThrowableCollector.java:73)
	at org.junit.platform.engine.support.hierarchical.NodeTestTask.lambda$executeRecursively$8(NodeTestTask.java:141)
	at org.junit.platform.engine.support.hierarchical.Node.around(Node.java:137)
	at org.junit.platform.engine.support.hierarchical.NodeTestTask.lambda$executeRecursively$9(NodeTestTask.java:139)
	at org.junit.platform.engine.support.hierarchical.ThrowableCollector.execute(ThrowableCollector.java:73)
	at org.junit.platform.engine.support.hierarchical.NodeTestTask.executeRecursively(NodeTestTask.java:138)
	at org.junit.platform.engine.support.hierarchical.NodeTestTask.execute(NodeTestTask.java:95)
	at org.junit.platform.engine.support.hierarchical.SameThreadHierarchicalTestExecutorService.submit(SameThreadHierarchicalTestExecutorService.java:35)
	at org.junit.platform.engine.support.hierarchical.HierarchicalTestExecutor.execute(HierarchicalTestExecutor.java:57)
	at org.junit.platform.engine.support.hierarchical.HierarchicalTestEngine.execute(HierarchicalTestEngine.java:54)
	at org.junit.platform.launcher.core.EngineExecutionOrchestrator.execute(EngineExecutionOrchestrator.java:107)
	at org.junit.platform.launcher.core.EngineExecutionOrchestrator.execute(EngineExecutionOrchestrator.java:88)
	at org.junit.platform.launcher.core.EngineExecutionOrchestrator.lambda$execute$0(EngineExecutionOrchestrator.java:54)
	at org.junit.platform.launcher.core.EngineExecutionOrchestrator.withInterceptedStreams(EngineExecutionOrchestrator.java:67)
	at org.junit.platform.launcher.core.EngineExecutionOrchestrator.execute(EngineExecutionOrchestrator.java:52)
	at org.junit.platform.launcher.core.DefaultLauncher.execute(DefaultLauncher.java:114)
	at org.junit.platform.launcher.core.DefaultLauncher.execute(DefaultLauncher.java:86)
	at org.junit.platform.launcher.core.DefaultLauncherSession$DelegatingLauncher.execute(DefaultLauncherSession.java:86)
	at org.gradle.api.internal.tasks.testing.junitplatform.JUnitPlatformTestClassProcessor$CollectAllTestClassesExecutor.processAllTestClasses(JUnitPlatformTestClassProcessor.java:124)
	at org.gradle.api.internal.tasks.testing.junitplatform.JUnitPlatformTestClassProcessor$CollectAllTestClassesExecutor.access$000(JUnitPlatformTestClassProcessor.java:99)
	at org.gradle.api.internal.tasks.testing.junitplatform.JUnitPlatformTestClassProcessor.stop(JUnitPlatformTestClassProcessor.java:94)
	at org.gradle.api.internal.tasks.testing.SuiteTestClassProcessor.stop(SuiteTestClassProcessor.java:63)
	at java.base/jdk.internal.reflect.NativeMethodAccessorImpl.invoke0(Native Method)
	at java.base/jdk.internal.reflect.NativeMethodAccessorImpl.invoke(NativeMethodAccessorImpl.java:77)
	at java.base/jdk.internal.reflect.DelegatingMethodAccessorImpl.invoke(DelegatingMethodAccessorImpl.java:43)
	at java.base/java.lang.reflect.Method.invoke(Method.java:568)
	at org.gradle.internal.dispatch.ReflectionDispatch.dispatch(ReflectionDispatch.java:36)
	at org.gradle.internal.dispatch.ReflectionDispatch.dispatch(ReflectionDispatch.java:24)
	at org.gradle.internal.dispatch.ContextClassLoaderDispatch.dispatch(ContextClassLoaderDispatch.java:33)
	at org.gradle.internal.dispatch.ProxyDispatchAdapter$DispatchingInvocationHandler.invoke(ProxyDispatchAdapter.java:92)
	at jdk.proxy1/jdk.proxy1.$Proxy4.stop(Unknown Source)
	at org.gradle.api.internal.tasks.testing.worker.TestWorker$3.run(TestWorker.java:200)
	at org.gradle.api.internal.tasks.testing.worker.TestWorker.executeAndMaintainThreadName(TestWorker.java:132)
	at org.gradle.api.internal.tasks.testing.worker.TestWorker.execute(TestWorker.java:103)
	at org.gradle.api.internal.tasks.testing.worker.TestWorker.execute(TestWorker.java:63)
	at org.gradle.process.internal.worker.child.ActionExecutionWorker.execute(ActionExecutionWorker.java:56)
	at org.gradle.process.internal.worker.child.SystemApplicationClassLoaderWorker.call(SystemApplicationClassLoaderWorker.java:121)
	at org.gradle.process.internal.worker.child.SystemApplicationClassLoaderWorker.call(SystemApplicationClassLoaderWorker.java:71)
	at worker.org.gradle.process.internal.worker.GradleWorkerMain.run(GradleWorkerMain.java:69)
	at worker.org.gradle.process.internal.worker.GradleWorkerMain.main(GradleWorkerMain.java:74)
Caused by: java.sql.SQLException: Unable to run insert stmt on object User(id=null, name=test, transactions=[Transaction(direction=IN, amount=10.0 €, description=descrizione, date=Sun Jun 22 15:18:52 CEST 2025, transactionTags=[it.unicam.cs.mpgc.jbudget125639.entities.TransactionTag@3b, it.unicam.cs.mpgc.jbudget125639.entities.TransactionTag@3b])]): INSERT INTO `Users` (`name` ) VALUES (?)
	at com.j256.ormlite.stmt.mapped.MappedCreate.insert(MappedCreate.java:139)
	at com.j256.ormlite.stmt.StatementExecutor.create(StatementExecutor.java:464)
	at com.j256.ormlite.dao.BaseDaoImpl.create(BaseDaoImpl.java:337)
	at com.j256.ormlite.dao.BaseDaoImpl.createOrUpdate(BaseDaoImpl.java:396)
	at it.unicam.cs.mpgc.jbudget125639.modules.GlobalModule.saveUser(GlobalModule.java:78)
	at it.unicam.cs.mpgc.jbudget125639.modules.GlobalModule.lambda$saveState$1(GlobalModule.java:70)
	... 96 more
Caused by: org.sqlite.SQLiteException: [SQLITE_CONSTRAINT_UNIQUE] A UNIQUE constraint failed (UNIQUE constraint failed: Users.name)
	at org.sqlite.core.DB.newSQLException(DB.java:1179)
	at org.sqlite.core.DB.newSQLException(DB.java:1190)
	at org.sqlite.core.DB.execute(DB.java:985)
	at org.sqlite.core.DB.executeUpdate(DB.java:1054)
	at org.sqlite.jdbc3.JDBC3PreparedStatement.lambda$executeLargeUpdate$2(JDBC3PreparedStatement.java:119)
	at org.sqlite.jdbc3.JDBC3Statement.withConnectionTimeout(JDBC3Statement.java:454)
	at org.sqlite.jdbc3.JDBC3PreparedStatement.executeLargeUpdate(JDBC3PreparedStatement.java:118)
	at org.sqlite.jdbc3.JDBC3PreparedStatement.executeUpdate(JDBC3PreparedStatement.java:100)
	at com.j256.ormlite.jdbc.JdbcDatabaseConnection.insert(JdbcDatabaseConnection.java:185)
	at com.j256.ormlite.stmt.mapped.MappedCreate.insert(MappedCreate.java:91)
	... 101 more
]]></system-err>
</testsuite>
