<?xml version="1.0" encoding="UTF-8"?>
<testsuite name="DatabaseTest" tests="4" skipped="0" failures="0" errors="0" timestamp="2025-06-20T19:29:46" hostname="PC_DI_ALDO" time="0.279">
  <properties/>
  <testcase name="Crea e recupera un utente" classname="DatabaseTest" time="0.039"/>
  <testcase name="Aggiunge una transazione a un utente" classname="DatabaseTest" time="0.079"/>
  <testcase name="Elimina una transazione senza eliminare l'utente" classname="DatabaseTest" time="0.079"/>
  <testcase name="Calcola il totale delle transazioni in entrata usando un filtro" classname="DatabaseTest" time="0.071"/>
  <system-out><![CDATA[2025-06-20 21:29:46,534 [DEBUG] DaoManager created dao for class class it.unicam.cs.mpgc.jbudget125639.entities.Transaction with reflection
2025-06-20 21:29:46,537 [DEBUG] DaoManager created dao for class class it.unicam.cs.mpgc.jbudget125639.entities.TransactionTag with reflection
2025-06-20 21:29:46,537 [DEBUG] DaoManager created dao for class class it.unicam.cs.mpgc.jbudget125639.filters.tags.PriorityTag with reflection
2025-06-20 21:29:46,538 [DEBUG] DaoManager created dao for class class it.unicam.cs.mpgc.jbudget125639.entities.User with reflection
2025-06-20 21:29:46,539 [INFO] TableUtils creating table 'Users'
2025-06-20 21:29:46,541 [DEBUG] BaseJdbcConnectionSource opened connection to jdbc:sqlite:database.db got #1108889615
2025-06-20 21:29:46,543 [INFO] TableUtils executed create table statement changed 0 rows: CREATE TABLE IF NOT EXISTS `Users` (`id` INTEGER PRIMARY KEY AUTOINCREMENT , `name` VARCHAR NOT NULL ,  UNIQUE (`name`)) 
2025-06-20 21:29:46,544 [INFO] TableUtils creating table 'Transactions'
2025-06-20 21:29:46,544 [INFO] TableUtils executed create table statement changed 0 rows: CREATE TABLE IF NOT EXISTS `Transactions` (`user_id` INTEGER , `id` INTEGER PRIMARY KEY AUTOINCREMENT , `direction` VARCHAR NOT NULL , `amount` BLOB NOT NULL , `description` VARCHAR NOT NULL , `date` TIMESTAMP NOT NULL ) 
2025-06-20 21:29:46,545 [INFO] TableUtils creating table 'tags'
2025-06-20 21:29:46,545 [INFO] TableUtils executed create table statement changed 0 rows: CREATE TABLE IF NOT EXISTS `tags` (`id` INTEGER PRIMARY KEY AUTOINCREMENT , `name` VARCHAR NOT NULL , `priority` INTEGER NOT NULL ,  UNIQUE (`name`)) 
2025-06-20 21:29:46,545 [INFO] TableUtils creating table 'transaction_tags'
2025-06-20 21:29:46,546 [INFO] TableUtils executed create table statement changed 0 rows: CREATE TABLE IF NOT EXISTS `transaction_tags` (`id` INTEGER PRIMARY KEY AUTOINCREMENT , `transaction_id` INTEGER , `tag_id` INTEGER ) 
2025-06-20 21:29:46,546 [DEBUG] StatementBuilder built statement SELECT * FROM `tags` WHERE `name` = 'Utenze'
2025-06-20 21:29:46,547 [DEBUG] BaseMappedStatement prepared statement 'SELECT * FROM `tags` WHERE `name` = 'Utenze'' with 0 args
2025-06-20 21:29:46,548 [DEBUG] SelectIterator starting iterator @1275028674 for 'SELECT * FROM `tags` WHERE `name` = 'Utenze''
2025-06-20 21:29:46,548 [DEBUG] SelectIterator closed iterator @1275028674 after 1 rows
2025-06-20 21:29:46,548 [DEBUG] StatementExecutor query of 'SELECT * FROM `tags` WHERE `name` = 'Utenze'' with 0 args returned 1 results
2025-06-20 21:29:46,549 [DEBUG] StatementBuilder built statement SELECT * FROM `tags` WHERE `name` = 'Sport'
2025-06-20 21:29:46,550 [DEBUG] BaseMappedStatement prepared statement 'SELECT * FROM `tags` WHERE `name` = 'Sport'' with 0 args
2025-06-20 21:29:46,550 [DEBUG] SelectIterator starting iterator @455888635 for 'SELECT * FROM `tags` WHERE `name` = 'Sport''
2025-06-20 21:29:46,551 [DEBUG] SelectIterator closed iterator @455888635 after 1 rows
2025-06-20 21:29:46,551 [DEBUG] StatementExecutor query of 'SELECT * FROM `tags` WHERE `name` = 'Sport'' with 0 args returned 1 results
2025-06-20 21:29:46,551 [DEBUG] StatementBuilder built statement SELECT * FROM `tags` WHERE `name` = 'Manutenzione Auto'
2025-06-20 21:29:46,551 [DEBUG] BaseMappedStatement prepared statement 'SELECT * FROM `tags` WHERE `name` = 'Manutenzione Auto'' with 0 args
2025-06-20 21:29:46,552 [DEBUG] SelectIterator starting iterator @204805934 for 'SELECT * FROM `tags` WHERE `name` = 'Manutenzione Auto''
2025-06-20 21:29:46,554 [DEBUG] SelectIterator closed iterator @204805934 after 1 rows
2025-06-20 21:29:46,555 [DEBUG] StatementExecutor query of 'SELECT * FROM `tags` WHERE `name` = 'Manutenzione Auto'' with 0 args returned 1 results
2025-06-20 21:29:46,555 [DEBUG] StatementBuilder built statement SELECT * FROM `tags` WHERE `name` = 'Alimentari'
2025-06-20 21:29:46,555 [DEBUG] BaseMappedStatement prepared statement 'SELECT * FROM `tags` WHERE `name` = 'Alimentari'' with 0 args
2025-06-20 21:29:46,556 [DEBUG] SelectIterator starting iterator @204322447 for 'SELECT * FROM `tags` WHERE `name` = 'Alimentari''
2025-06-20 21:29:46,556 [DEBUG] SelectIterator closed iterator @204322447 after 1 rows
2025-06-20 21:29:46,557 [DEBUG] StatementExecutor query of 'SELECT * FROM `tags` WHERE `name` = 'Alimentari'' with 0 args returned 1 results
2025-06-20 21:29:46,557 [DEBUG] StatementBuilder built statement SELECT * FROM `tags` WHERE `name` = 'Abbigliamento'
2025-06-20 21:29:46,558 [DEBUG] BaseMappedStatement prepared statement 'SELECT * FROM `tags` WHERE `name` = 'Abbigliamento'' with 0 args
2025-06-20 21:29:46,558 [DEBUG] SelectIterator starting iterator @1019484860 for 'SELECT * FROM `tags` WHERE `name` = 'Abbigliamento''
2025-06-20 21:29:46,559 [DEBUG] SelectIterator closed iterator @1019484860 after 1 rows
2025-06-20 21:29:46,560 [DEBUG] StatementExecutor query of 'SELECT * FROM `tags` WHERE `name` = 'Abbigliamento'' with 0 args returned 1 results
2025-06-20 21:29:46,560 [DEBUG] StatementBuilder built statement SELECT * FROM `tags` WHERE `name` = 'Intrattenimento'
2025-06-20 21:29:46,561 [DEBUG] BaseMappedStatement prepared statement 'SELECT * FROM `tags` WHERE `name` = 'Intrattenimento'' with 0 args
2025-06-20 21:29:46,561 [DEBUG] SelectIterator starting iterator @1164365897 for 'SELECT * FROM `tags` WHERE `name` = 'Intrattenimento''
2025-06-20 21:29:46,561 [DEBUG] SelectIterator closed iterator @1164365897 after 1 rows
2025-06-20 21:29:46,562 [DEBUG] StatementExecutor query of 'SELECT * FROM `tags` WHERE `name` = 'Intrattenimento'' with 0 args returned 1 results
2025-06-20 21:29:46,562 [DEBUG] StatementBuilder built statement SELECT * FROM `tags` WHERE `name` = 'Salute'
2025-06-20 21:29:46,562 [DEBUG] BaseMappedStatement prepared statement 'SELECT * FROM `tags` WHERE `name` = 'Salute'' with 0 args
2025-06-20 21:29:46,562 [DEBUG] SelectIterator starting iterator @1640899500 for 'SELECT * FROM `tags` WHERE `name` = 'Salute''
2025-06-20 21:29:46,562 [DEBUG] SelectIterator closed iterator @1640899500 after 1 rows
2025-06-20 21:29:46,563 [DEBUG] StatementExecutor query of 'SELECT * FROM `tags` WHERE `name` = 'Salute'' with 0 args returned 1 results
2025-06-20 21:29:46,563 [DEBUG] StatementBuilder built statement SELECT * FROM `tags` WHERE `name` = 'Viaggi'
2025-06-20 21:29:46,563 [DEBUG] BaseMappedStatement prepared statement 'SELECT * FROM `tags` WHERE `name` = 'Viaggi'' with 0 args
2025-06-20 21:29:46,564 [DEBUG] SelectIterator starting iterator @3565780 for 'SELECT * FROM `tags` WHERE `name` = 'Viaggi''
2025-06-20 21:29:46,564 [DEBUG] SelectIterator closed iterator @3565780 after 1 rows
2025-06-20 21:29:46,565 [DEBUG] StatementExecutor query of 'SELECT * FROM `tags` WHERE `name` = 'Viaggi'' with 0 args returned 1 results
2025-06-20 21:29:46,565 [DEBUG] StatementBuilder built statement SELECT * FROM `tags` WHERE `name` = 'Educazione'
2025-06-20 21:29:46,566 [DEBUG] BaseMappedStatement prepared statement 'SELECT * FROM `tags` WHERE `name` = 'Educazione'' with 0 args
2025-06-20 21:29:46,566 [DEBUG] SelectIterator starting iterator @473666452 for 'SELECT * FROM `tags` WHERE `name` = 'Educazione''
2025-06-20 21:29:46,566 [DEBUG] SelectIterator closed iterator @473666452 after 1 rows
2025-06-20 21:29:46,566 [DEBUG] StatementExecutor query of 'SELECT * FROM `tags` WHERE `name` = 'Educazione'' with 0 args returned 1 results
2025-06-20 21:29:46,578 [DEBUG] StatementBuilder built statement DELETE FROM `Transactions`
2025-06-20 21:29:46,578 [DEBUG] BaseMappedStatement prepared statement 'DELETE FROM `Transactions`' with 0 args
2025-06-20 21:29:46,589 [DEBUG] StatementBuilder built statement DELETE FROM `Users`
2025-06-20 21:29:46,590 [DEBUG] BaseMappedStatement prepared statement 'DELETE FROM `Users`' with 0 args
2025-06-20 21:29:46,602 [DEBUG] BaseMappedStatement insert data with statement 'INSERT INTO `Users` (`name` ) VALUES (?)' and 1 args, changed 1 rows
2025-06-20 21:29:46,603 [DEBUG] BaseMappedStatement assigned id '48' from keyholder to 'id' in User object
2025-06-20 21:29:46,605 [DEBUG] BaseMappedStatement query-for-id using 'SELECT * FROM `Users` WHERE `id` = ?' and 1 args, got 1 result
2025-06-20 21:29:46,615 [DEBUG] StatementBuilder built statement DELETE FROM `Transactions`
2025-06-20 21:29:46,616 [DEBUG] BaseMappedStatement prepared statement 'DELETE FROM `Transactions`' with 0 args
2025-06-20 21:29:46,624 [DEBUG] StatementBuilder built statement DELETE FROM `Users`
2025-06-20 21:29:46,624 [DEBUG] BaseMappedStatement prepared statement 'DELETE FROM `Users`' with 0 args
2025-06-20 21:29:46,642 [DEBUG] BaseMappedStatement insert data with statement 'INSERT INTO `Users` (`name` ) VALUES (?)' and 1 args, changed 1 rows
2025-06-20 21:29:46,643 [DEBUG] BaseMappedStatement assigned id '49' from keyholder to 'id' in User object
2025-06-20 21:29:46,671 [DEBUG] BaseMappedStatement insert data with statement 'INSERT INTO `Transactions` (`user_id` ,`direction` ,`amount` ,`description` ,`date` ) VALUES (?,?,?,?,?)' and 5 args, changed 1 rows
2025-06-20 21:29:46,673 [DEBUG] BaseMappedStatement assigned id '39' from keyholder to 'id' in Transaction object
2025-06-20 21:29:46,676 [DEBUG] BaseMappedStatement refresh using 'SELECT * FROM `Users` WHERE `id` = ?' and 1 args, got 1 result
2025-06-20 21:29:46,677 [DEBUG] StatementBuilder built statement SELECT * FROM `Transactions` WHERE `user_id` = ?
2025-06-20 21:29:46,677 [DEBUG] BaseMappedStatement prepared statement 'SELECT * FROM `Transactions` WHERE `user_id` = ?' with 1 args
2025-06-20 21:29:46,678 [DEBUG] SelectIterator starting iterator @1805164661 for 'SELECT * FROM `Transactions` WHERE `user_id` = ?'
2025-06-20 21:29:46,678 [DEBUG] SelectIterator closed iterator @1805164661 after 0 rows
2025-06-20 21:29:46,680 [DEBUG] BaseMappedStatement prepared statement 'SELECT * FROM `Transactions` WHERE `user_id` = ?' with 1 args
2025-06-20 21:29:46,680 [DEBUG] SelectIterator starting iterator @243575009 for 'SELECT * FROM `Transactions` WHERE `user_id` = ?'
2025-06-20 21:29:46,681 [DEBUG] SelectIterator closed iterator @243575009 after 0 rows
2025-06-20 21:29:46,682 [DEBUG] BaseMappedStatement prepared statement 'SELECT * FROM `Transactions` WHERE `user_id` = ?' with 1 args
2025-06-20 21:29:46,683 [DEBUG] SelectIterator starting iterator @777341499 for 'SELECT * FROM `Transactions` WHERE `user_id` = ?'
2025-06-20 21:29:46,689 [DEBUG] StatementBuilder built statement SELECT * FROM `transaction_tags` WHERE `transaction_id` = ?
2025-06-20 21:29:46,690 [DEBUG] BaseMappedStatement prepared statement 'SELECT * FROM `transaction_tags` WHERE `transaction_id` = ?' with 1 args
2025-06-20 21:29:46,691 [DEBUG] SelectIterator starting iterator @1591916281 for 'SELECT * FROM `transaction_tags` WHERE `transaction_id` = ?'
2025-06-20 21:29:46,691 [DEBUG] SelectIterator closed iterator @1591916281 after 0 rows
2025-06-20 21:29:46,692 [DEBUG] StatementExecutor query of 'SELECT * FROM `transaction_tags` WHERE `transaction_id` = ?' with 1 args returned 0 results
2025-06-20 21:29:46,695 [DEBUG] StatementBuilder built statement DELETE FROM `Transactions`
2025-06-20 21:29:46,696 [DEBUG] BaseMappedStatement prepared statement 'DELETE FROM `Transactions`' with 0 args
2025-06-20 21:29:46,708 [DEBUG] StatementBuilder built statement DELETE FROM `Users`
2025-06-20 21:29:46,711 [DEBUG] BaseMappedStatement prepared statement 'DELETE FROM `Users`' with 0 args
2025-06-20 21:29:46,727 [DEBUG] BaseMappedStatement insert data with statement 'INSERT INTO `Users` (`name` ) VALUES (?)' and 1 args, changed 1 rows
2025-06-20 21:29:46,728 [DEBUG] BaseMappedStatement assigned id '50' from keyholder to 'id' in User object
2025-06-20 21:29:46,741 [DEBUG] BaseMappedStatement insert data with statement 'INSERT INTO `Transactions` (`user_id` ,`direction` ,`amount` ,`description` ,`date` ) VALUES (?,?,?,?,?)' and 5 args, changed 1 rows
2025-06-20 21:29:46,743 [DEBUG] BaseMappedStatement assigned id '40' from keyholder to 'id' in Transaction object
2025-06-20 21:29:46,750 [DEBUG] BaseMappedStatement insert data with statement 'INSERT INTO `Transactions` (`user_id` ,`direction` ,`amount` ,`description` ,`date` ) VALUES (?,?,?,?,?)' and 5 args, changed 1 rows
2025-06-20 21:29:46,752 [DEBUG] BaseMappedStatement assigned id '41' from keyholder to 'id' in Transaction object
2025-06-20 21:29:46,754 [DEBUG] BaseMappedStatement refresh using 'SELECT * FROM `Users` WHERE `id` = ?' and 1 args, got 1 result
2025-06-20 21:29:46,755 [DEBUG] StatementBuilder built statement SELECT * FROM `Transactions` WHERE `user_id` = ?
2025-06-20 21:29:46,755 [DEBUG] BaseMappedStatement prepared statement 'SELECT * FROM `Transactions` WHERE `user_id` = ?' with 1 args
2025-06-20 21:29:46,756 [DEBUG] SelectIterator starting iterator @1068945248 for 'SELECT * FROM `Transactions` WHERE `user_id` = ?'
2025-06-20 21:29:46,757 [DEBUG] SelectIterator closed iterator @1068945248 after 0 rows
2025-06-20 21:29:46,765 [DEBUG] BaseMappedStatement delete data with statement 'DELETE FROM `Transactions` WHERE `id` = ?' and 1 args, changed 1 rows
2025-06-20 21:29:46,768 [DEBUG] BaseMappedStatement refresh using 'SELECT * FROM `Users` WHERE `id` = ?' and 1 args, got 1 result
2025-06-20 21:29:46,769 [DEBUG] StatementBuilder built statement SELECT * FROM `Transactions` WHERE `user_id` = ?
2025-06-20 21:29:46,770 [DEBUG] BaseMappedStatement prepared statement 'SELECT * FROM `Transactions` WHERE `user_id` = ?' with 1 args
2025-06-20 21:29:46,772 [DEBUG] SelectIterator starting iterator @79290250 for 'SELECT * FROM `Transactions` WHERE `user_id` = ?'
2025-06-20 21:29:46,773 [DEBUG] SelectIterator closed iterator @79290250 after 0 rows
2025-06-20 21:29:46,773 [DEBUG] BaseMappedStatement query-for-id using 'SELECT * FROM `Users` WHERE `id` = ?' and 1 args, got 1 result
2025-06-20 21:29:46,779 [DEBUG] StatementBuilder built statement DELETE FROM `Transactions`
2025-06-20 21:29:46,780 [DEBUG] BaseMappedStatement prepared statement 'DELETE FROM `Transactions`' with 0 args
2025-06-20 21:29:46,784 [DEBUG] StatementBuilder built statement DELETE FROM `Users`
2025-06-20 21:29:46,785 [DEBUG] BaseMappedStatement prepared statement 'DELETE FROM `Users`' with 0 args
2025-06-20 21:29:46,797 [DEBUG] BaseMappedStatement insert data with statement 'INSERT INTO `Users` (`name` ) VALUES (?)' and 1 args, changed 1 rows
2025-06-20 21:29:46,797 [DEBUG] BaseMappedStatement assigned id '51' from keyholder to 'id' in User object
2025-06-20 21:29:46,801 [DEBUG] StatementExecutor disabled auto-commit on table Transactions before batch tasks
2025-06-20 21:29:46,805 [DEBUG] BaseMappedStatement insert data with statement 'INSERT INTO `Transactions` (`user_id` ,`direction` ,`amount` ,`description` ,`date` ) VALUES (?,?,?,?,?)' and 5 args, changed 1 rows
2025-06-20 21:29:46,805 [DEBUG] BaseMappedStatement assigned id '42' from keyholder to 'id' in Transaction object
2025-06-20 21:29:46,807 [DEBUG] BaseMappedStatement insert data with statement 'INSERT INTO `Transactions` (`user_id` ,`direction` ,`amount` ,`description` ,`date` ) VALUES (?,?,?,?,?)' and 5 args, changed 1 rows
2025-06-20 21:29:46,807 [DEBUG] BaseMappedStatement assigned id '43' from keyholder to 'id' in Transaction object
2025-06-20 21:29:46,809 [DEBUG] BaseMappedStatement insert data with statement 'INSERT INTO `Transactions` (`user_id` ,`direction` ,`amount` ,`description` ,`date` ) VALUES (?,?,?,?,?)' and 5 args, changed 1 rows
2025-06-20 21:29:46,809 [DEBUG] BaseMappedStatement assigned id '44' from keyholder to 'id' in Transaction object
2025-06-20 21:29:46,813 [DEBUG] StatementExecutor re-enabled auto-commit on table Transactions after batch tasks
2025-06-20 21:29:46,814 [DEBUG] BaseMappedStatement refresh using 'SELECT * FROM `Users` WHERE `id` = ?' and 1 args, got 1 result
2025-06-20 21:29:46,816 [DEBUG] StatementBuilder built statement SELECT * FROM `Transactions` WHERE `user_id` = ?
2025-06-20 21:29:46,817 [DEBUG] BaseMappedStatement prepared statement 'SELECT * FROM `Transactions` WHERE `user_id` = ?' with 1 args
2025-06-20 21:29:46,817 [DEBUG] SelectIterator starting iterator @109069556 for 'SELECT * FROM `Transactions` WHERE `user_id` = ?'
2025-06-20 21:29:46,833 [DEBUG] StatementBuilder built statement SELECT * FROM `transaction_tags` WHERE `transaction_id` = ?
2025-06-20 21:29:46,834 [DEBUG] BaseMappedStatement prepared statement 'SELECT * FROM `transaction_tags` WHERE `transaction_id` = ?' with 1 args
2025-06-20 21:29:46,836 [DEBUG] SelectIterator starting iterator @1532139270 for 'SELECT * FROM `transaction_tags` WHERE `transaction_id` = ?'
2025-06-20 21:29:46,836 [DEBUG] SelectIterator closed iterator @1532139270 after 0 rows
2025-06-20 21:29:46,837 [DEBUG] StatementExecutor query of 'SELECT * FROM `transaction_tags` WHERE `transaction_id` = ?' with 1 args returned 0 results
2025-06-20 21:29:46,841 [DEBUG] StatementBuilder built statement SELECT * FROM `transaction_tags` WHERE `transaction_id` = ?
2025-06-20 21:29:46,842 [DEBUG] BaseMappedStatement prepared statement 'SELECT * FROM `transaction_tags` WHERE `transaction_id` = ?' with 1 args
2025-06-20 21:29:46,842 [DEBUG] SelectIterator starting iterator @2069500590 for 'SELECT * FROM `transaction_tags` WHERE `transaction_id` = ?'
2025-06-20 21:29:46,843 [DEBUG] SelectIterator closed iterator @2069500590 after 0 rows
2025-06-20 21:29:46,843 [DEBUG] StatementExecutor query of 'SELECT * FROM `transaction_tags` WHERE `transaction_id` = ?' with 1 args returned 0 results
2025-06-20 21:29:46,845 [DEBUG] StatementBuilder built statement SELECT * FROM `transaction_tags` WHERE `transaction_id` = ?
2025-06-20 21:29:46,845 [DEBUG] BaseMappedStatement prepared statement 'SELECT * FROM `transaction_tags` WHERE `transaction_id` = ?' with 1 args
2025-06-20 21:29:46,846 [DEBUG] SelectIterator starting iterator @1431556341 for 'SELECT * FROM `transaction_tags` WHERE `transaction_id` = ?'
2025-06-20 21:29:46,846 [DEBUG] SelectIterator closed iterator @1431556341 after 0 rows
2025-06-20 21:29:46,846 [DEBUG] StatementExecutor query of 'SELECT * FROM `transaction_tags` WHERE `transaction_id` = ?' with 1 args returned 0 results
2025-06-20 21:29:46,846 [DEBUG] SelectIterator closed iterator @109069556 after 3 rows
2025-06-20 21:29:46,850 [DEBUG] BaseJdbcConnectionSource closed connection #1108889615
]]></system-out>
  <system-err><![CDATA[]]></system-err>
</testsuite>
